8.160000 0.003 -0.000 -0.00040 0.000 -1 1549616107.389619
8.220000 0.006 -0.000 0.00040 0.000 -1 1549616107.521725
8.270000 0.010 0.000 -0.00000 0.000 -1 1549616107.608813
8.310000 0.013 -0.000 -0.00000 0.000 -1 1549616107.688275
8.350000 0.017 -0.000 -0.00000 0.000 -1 1549616107.765481
8.380000 0.020 -0.000 0.00040 0.000 -1 1549616107.836957
8.410000 0.023 -0.000 0.00040 0.000 -1 1549616107.912802
8.440000 0.027 -0.000 0.00040 0.000 -1 1549616107.956457
8.470000 0.031 0.000 -0.00000 0.000 -1 1549616108.044795
8.500000 0.035 0.000 -0.00000 0.000 -1 1549616108.092070
8.530000 0.040 0.000 0.00040 0.000 -1 1549616108.191577
8.550000 0.043 0.000 -0.00000 0.000 -1 1549616108.235353
8.570000 0.046 0.000 -0.00000 0.000 -1 1549616108.274276
8.590000 0.050 0.000 -0.00040 0.000 -1 1549616108.316841
8.610000 0.053 0.000 -0.00040 0.000 -1 1549616108.327833
8.630000 0.057 0.000 -0.00040 0.000 -1 1549616108.409757
8.650000 0.060 -0.000 -0.00040 0.000 -1 1549616108.443762
8.670000 0.064 -0.000 -0.00000 0.000 -1 1549616108.489384
8.690000 0.068 -0.000 -0.00000 0.000 -1 1549616108.537821
8.710000 0.072 -0.000 -0.00000 0.000 -1 1549616108.603358
8.730000 0.076 0.000 -0.00000 0.000 -1 1549616108.647665
8.750000 0.081 0.000 -0.00000 0.000 -1 1549616108.681274
8.770000 0.085 0.000 -0.00000 0.000 -1 1549616108.725944
8.790000 0.090 0.000 0.00040 0.000 -1 1549616108.770706
8.810000 0.095 0.000 0.00040 0.000 -1 1549616108.804882
8.830000 0.100 0.000 0.00040 0.000 -1 1549616108.848254
8.850000 0.104 0.000 -0.00000 0.000 -1 1549616108.880845
8.870000 0.110 0.000 -0.00000 0.000 -1 1549616108.925186
8.890000 0.115 0.000 -0.00040 0.000 -1 1549616108.981211
8.910000 0.120 0.000 -0.00040 0.000 -1 1549616109.004541
8.930000 0.125 0.000 -0.00000 0.000 -1 1549616109.049087
8.950000 0.131 -0.000 -0.00000 0.000 -1 1549616109.080540
8.970000 0.137 -0.000 -0.00040 0.000 -1 1549616109.124961
8.990000 0.142 -0.000 -0.00000 0.000 -1 1549616109.169299
9.010000 0.148 -0.000 -0.00040 0.000 -1 1549616109.202043
9.020000 0.151 -0.000 -0.00000 0.000 -1 1549616109.235407
9.030000 0.154 -0.000 -0.00040 0.000 -1 1549616109.247415
9.040000 0.157 -0.000 -0.00040 0.000 -1 1549616109.247481
9.060000 0.163 -0.000 -0.00000 0.000 -1 1549616109.312939
9.070000 0.166 -0.000 -0.00040 0.000 -1 1549616109.323532
9.080000 0.169 -0.000 -0.00040 0.000 -1 1549616109.356183
9.090000 0.172 -0.000 -0.00000 0.000 -1 1549616109.367589
9.100000 0.175 -0.000 -0.00000 0.000 -1 1549616109.390014
9.110000 0.178 -0.000 -0.00040 0.000 -1 1549616109.400660
9.120000 0.181 -0.000 -0.00040 0.000 -1 1549616109.433571
9.130000 0.184 -0.000 -0.00000 0.000 -1 1549616109.445808
9.140000 0.187 -0.000 -0.00040 0.000 -1 1549616109.445875
9.150000 0.190 -0.000 -0.00040 0.000 -1 1549616109.478744
9.170000 0.196 -0.000 -0.00000 0.000 -1 1549616109.523860
9.180000 0.199 -0.000 -0.00040 0.000 -1 1549616109.535328
9.190000 0.202 -0.000 -0.00040 0.000 -1 1549616109.567447
9.200000 0.205 -0.000 -0.00000 0.000 -1 1549616109.599303
9.210000 0.208 -0.000 -0.00040 0.000 -1 1549616109.612816
9.220000 0.211 -0.000 -0.00040 0.000 -1 1549616109.635195
9.230000 0.214 -0.000 -0.00000 0.000 -1 1549616109.645786
9.240000 0.217 -0.000 -0.00000 0.000 -1 1549616109.668455
9.250000 0.220 -0.000 -0.00040 0.000 -1 1549616109.679024
9.270000 0.226 -0.000 -0.00000 0.000 -1 1549616109.725144
9.280000 0.229 -0.000 -0.00040 0.000 -1 1549616109.760028
9.290000 0.232 -0.000 -0.00040 0.000 -1 1549616109.770701
9.300000 0.235 -0.000 -0.00000 0.000 -1 1549616109.793570
9.310000 0.238 -0.000 -0.00000 0.000 -1 1549616109.804644
9.320000 0.241 -0.000 -0.00040 0.000 -1 1549616109.839906
9.330000 0.244 -0.000 -0.00040 0.000 -1 1549616109.851604
9.340000 0.247 -0.000 -0.00000 0.000 -1 1549616109.851668
9.350000 0.250 -0.000 -0.00040 0.000 -1 1549616109.884047
9.360000 0.253 -0.000 -0.00040 0.000 -1 1549616109.916702
9.370000 0.256 -0.000 -0.00000 0.000 -1 1549616109.927671
9.380000 0.259 -0.000 -0.00000 0.000 -1 1549616109.961056
9.390000 0.262 -0.000 -0.00040 0.000 -1 1549616109.971739
9.400000 0.265 -0.000 -0.00040 0.000 -1 1549616109.993821
9.410000 0.268 -0.000 -0.00000 0.000 -1 1549616110.005454
9.430000 0.274 -0.000 -0.00040 0.000 -1 1549616110.043673
9.440000 0.277 -0.000 -0.00040 0.000 -1 1549616110.076412
9.450000 0.280 -0.000 -0.00000 0.000 -1 1549616110.087492
9.460000 0.283 -0.000 -0.00040 0.000 -1 1549616110.109868
9.470000 0.286 -0.000 -0.00040 0.000 -1 1549616110.121152
9.480000 0.289 -0.000 -0.00000 0.000 -1 1549616110.155118
9.490000 0.292 -0.000 -0.00040 0.000 -1 1549616110.165692
9.500000 0.295 -0.000 -0.00040 0.000 -1 1549616110.187248
9.510000 0.298 -0.000 -0.00040 0.000 -1 1549616110.198358
9.520000 0.301 -0.000 -0.00000 0.000 -1 1549616110.233599
9.530000 0.304 -0.000 -0.00040 0.000 -1 1549616110.244215
9.540000 0.307 -0.000 -0.00040 0.000 -1 1549616110.278316
9.550000 0.310 -0.000 -0.00000 0.000 -1 1549616110.289017
9.560000 0.313 -0.000 -0.00000 0.000 -1 1549616110.289079
9.570000 0.316 -0.000 -0.00040 0.000 -1 1549616110.323036
9.580000 0.319 -0.000 -0.00040 0.000 -1 1549616110.357760
9.590000 0.322 -0.000 -0.00000 0.000 -1 1549616110.368907
9.600000 0.325 -0.000 -0.00040 0.000 -1 1549616110.391228
9.610000 0.328 -0.000 -0.00040 0.000 -1 1549616110.401778
9.630000 0.334 -0.000 -0.00000 0.000 -1 1549616110.447297
9.640000 0.337 -0.000 -0.00040 0.000 -1 1549616110.472919
9.650000 0.340 -0.000 -0.00040 0.000 -1 1549616110.485382
9.660000 0.343 -0.000 -0.00000 0.000 -1 1549616110.495983
9.670000 0.346 -0.000 -0.00040 0.000 -1 1549616110.528614
9.680000 0.349 -0.000 -0.00040 0.000 -1 1549616110.561530
9.690000 0.352 -0.000 -0.00000 0.000 -1 1549616110.593882
9.700000 0.355 -0.000 -0.00000 0.000 -1 1549616110.604630
9.710000 0.358 -0.000 -0.00040 0.000 -1 1549616110.638188
9.720000 0.361 -0.000 -0.00040 0.000 -1 1549616110.649773
9.730000 0.364 -0.000 -0.00000 0.000 -1 1549616110.649897
9.740000 0.367 -0.000 -0.00040 0.000 -1 1549616110.681969
9.750000 0.370 -0.000 -0.00040 0.000 -1 1549616110.716550
9.760000 0.373 -0.000 -0.00000 0.000 -1 1549616110.727756
9.770000 0.376 -0.000 -0.00000 0.000 -1 1549616110.762031
9.780000 0.379 -0.000 -0.00040 0.000 -1 1549616110.772900
9.790000 0.382 -0.000 -0.00040 0.000 -1 1549616110.772963
9.800000 0.385 -0.000 -0.00000 0.000 -1 1549616110.806246
9.810000 0.388 -0.000 -0.00040 0.000 -1 1549616110.839696
9.820000 0.391 -0.000 -0.00040 0.000 -1 1549616110.850309
9.840000 0.397 -0.000 -0.00000 0.000 -1 1549616110.883067
9.850000 0.400 -0.000 -0.00040 0.000 -1 1549616110.894372
9.860000 0.403 -0.000 -0.00040 0.000 -1 1549616110.916888
9.870000 0.406 -0.000 -0.00000 0.000 -1 1549616110.949771
9.880000 0.409 -0.000 -0.00040 0.000 -1 1549616110.960961
9.890000 0.412 -0.000 -0.00040 0.000 -1 1549616110.994047
9.900000 0.415 -0.000 -0.00040 0.000 -1 1549616111.004697
9.910000 0.418 -0.000 -0.00000 0.000 -1 1549616111.004763
9.920000 0.421 -0.000 -0.00040 0.000 -1 1549616111.048406
9.930000 0.424 -0.000 -0.00040 0.000 -1 1549616111.081110
9.940000 0.427 -0.000 -0.00000 0.000 -1 1549616111.114376
9.950000 0.430 -0.000 -0.00040 0.000 -1 1549616111.124915
9.960000 0.433 -0.000 -0.00040 0.000 -1 1549616111.158219
9.970000 0.436 -0.000 -0.00040 0.000 -1 1549616111.168779
9.980000 0.439 -0.000 -0.00000 0.000 -1 1549616111.189899
9.990000 0.442 -0.000 -0.00040 0.000 -1 1549616111.200565
10.000000 0.445 -0.000 -0.00040 0.000 -1 1549616111.322190
10.010000 0.448 -0.000 -0.00000 0.000 -1 1549616111.322254
10.020000 0.451 -0.000 -0.00000 0.000 -1 1549616111.365315
10.030000 0.454 -0.000 -0.00040 0.000 -1 1549616111.398849
10.050000 0.460 -0.000 -0.00000 0.000 -1 1549616111.433565
10.060000 0.463 -0.000 -0.00040 0.000 -1 1549616111.444629
10.070000 0.466 -0.000 -0.00040 0.000 -1 1549616111.479184
10.080000 0.469 -0.000 -0.00000 0.000 -1 1549616111.489805
10.090000 0.472 -0.000 -0.00000 0.000 -1 1549616111.512953
10.100000 0.475 -0.000 -0.00040 0.000 -1 1549616111.523963
10.110000 0.478 -0.000 -0.00040 0.000 -1 1549616111.535286
10.120000 0.481 -0.000 -0.00000 0.000 -1 1549616111.557952
10.130000 0.484 -0.000 -0.00040 0.000 -1 1549616111.589355
10.140000 0.487 -0.000 -0.00040 0.000 -1 1549616111.600461
10.150000 0.490 -0.000 -0.00000 0.000 -1 1549616111.612321
10.160000 0.493 -0.000 -0.00000 0.000 -1 1549616111.646544
10.170000 0.496 -0.000 -0.00040 0.000 -1 1549616111.690449
10.180000 0.499 -0.000 -0.00040 0.000 -1 1549616111.721926
10.200000 0.505 -0.000 -0.00040 0.000 -1 1549616111.770087
10.210000 0.508 -0.000 -0.00040 0.000 -1 1549616111.792793
10.220000 0.511 -0.000 -0.00000 0.000 -1 1549616111.803413
10.230000 0.514 -0.000 -0.00000 0.000 -1 1549616111.814729
10.240000 0.517 -0.000 -0.00040 0.000 -1 1549616111.847329
10.250000 0.520 -0.000 -0.00040 0.000 -1 1549616111.880637
10.260000 0.523 -0.000 -0.00000 0.000 -1 1549616111.891172
10.270000 0.526 -0.000 -0.00040 0.000 -1 1549616111.914024
10.280000 0.529 -0.000 -0.00040 0.000 -1 1549616111.925457
10.290000 0.532 -0.000 -0.00000 0.000 -1 1549616111.961181
10.300000 0.535 -0.000 -0.00000 0.000 -1 1549616111.972579
10.310000 0.538 -0.000 -0.00040 0.000 -1 1549616111.995688
10.320000 0.541 -0.000 -0.00040 0.000 -1 1549616112.007612
10.330000 0.544 -0.000 -0.00000 0.000 -1 1549616112.007679
10.340000 0.547 -0.000 -0.00040 0.000 -1 1549616112.040880
10.350000 0.550 -0.000 -0.00040 0.000 -1 1549616112.083693
10.360000 0.553 -0.000 -0.00040 0.000 -1 1549616112.118533
10.370000 0.556 -0.000 -0.00000 0.000 -1 1549616112.129624
10.380000 0.559 -0.000 -0.00040 0.000 -1 1549616112.155172
10.390000 0.562 -0.000 -0.00040 0.000 -1 1549616112.166393
10.400000 0.565 -0.000 -0.00000 0.000 -1 1549616112.211365
10.410000 0.568 -0.000 -0.00040 0.000 -1 1549616112.243923
10.420000 0.571 -0.000 -0.00040 0.000 -1 1549616112.276527
10.430000 0.574 -0.000 -0.00040 0.000 -1 1549616112.293304
10.440000 0.577 -0.000 -0.00000 0.000 -1 1549616112.315647
10.450000 0.580 -0.000 -0.00040 0.000 -1 1549616112.326207
10.460000 0.583 -0.000 -0.00040 0.000 -1 1549616112.347197
10.470000 0.586 -0.000 -0.00000 0.000 -1 1549616112.357841
10.480000 0.589 -0.000 -0.00000 0.000 -1 1549616112.396506
10.490000 0.592 -0.000 -0.00040 0.000 -1 1549616112.408373
10.500000 0.595 -0.000 -0.00040 0.000 -1 1549616112.408517
10.510000 0.598 -0.000 -0.00000 0.000 -1 1549616112.440060
10.520000 0.601 -0.000 -0.00040 0.000 -1 1549616112.484612
10.530000 0.604 -0.000 -0.00040 0.000 -1 1549616112.496351
10.540000 0.607 -0.000 -0.00000 0.000 -1 1549616112.509251
10.550000 0.610 -0.000 -0.00000 0.000 -1 1549616112.520682
10.570000 0.616 -0.000 -0.00040 0.000 -1 1549616112.565640
10.580000 0.619 -0.000 -0.00000 0.000 -1 1549616112.577905
10.590000 0.622 -0.000 -0.00040 0.000 -1 1549616112.599738
10.600000 0.625 -0.000 -0.00040 0.000 -1 1549616112.634003
10.610000 0.628 -0.000 -0.00000 0.000 -1 1549616112.644773
10.620000 0.631 -0.000 -0.00000 0.000 -1 1549616112.677823
10.630000 0.634 -0.000 -0.00040 0.000 -1 1549616112.691587
10.640000 0.637 -0.000 -0.00040 0.000 -1 1549616112.713995
10.650000 0.640 -0.000 -0.00000 0.000 -1 1549616112.725169
10.660000 0.643 -0.000 -0.00040 0.000 -1 1549616112.736447
10.670000 0.646 -0.000 -0.00040 0.000 -1 1549616112.760070
10.680000 0.649 -0.000 -0.00000 0.000 -1 1549616112.794014
10.690000 0.652 -0.000 -0.00000 0.000 -1 1549616112.805123
10.700000 0.655 -0.000 -0.00040 0.000 -1 1549616112.839964
10.710000 0.658 -0.000 -0.00040 0.000 -1 1549616112.851341
10.720000 0.661 -0.000 -0.00000 0.000 -1 1549616112.851416
10.730000 0.664 -0.000 -0.00040 0.000 -1 1549616112.883465
10.740000 0.667 -0.000 -0.00040 0.000 -1 1549616112.915434
10.750000 0.670 -0.000 -0.00000 0.000 -1 1549616112.926759
10.760000 0.673 -0.000 -0.00000 0.000 -1 1549616112.961001
10.770000 0.676 -0.000 -0.00040 0.000 -1 1549616112.971884
10.780000 0.679 -0.000 -0.00040 0.000 -1 1549616112.995325
10.790000 0.682 -0.000 -0.00000 0.000 -1 1549616113.006365
10.800000 0.685 -0.000 -0.00040 0.000 -1 1549616113.040568
10.810000 0.688 -0.000 -0.00040 0.000 -1 1549616113.051155
10.820000 0.691 -0.000 -0.00040 0.000 -1 1549616113.075325
10.830000 0.694 -0.000 -0.00000 0.000 -1 1549616113.086756
10.840000 0.697 -0.000 -0.00040 0.000 -1 1549616113.109579
10.850000 0.700 -0.000 -0.00040 0.000 -1 1549616113.121038
10.860000 0.703 -0.000 -0.00000 0.000 -1 1549616113.154889
10.870000 0.706 -0.000 -0.00040 0.000 -1 1549616113.166428
10.880000 0.709 -0.000 -0.00040 0.000 -1 1549616113.201285
10.890000 0.712 -0.000 -0.00040 0.000 -1 1549616113.212043
10.900000 0.715 -0.000 -0.00000 0.000 -1 1549616113.234158
10.910000 0.718 -0.000 -0.00040 0.000 -1 1549616113.244746
10.920000 0.721 -0.000 -0.00040 0.000 -1 1549616113.278651
10.930000 0.724 -0.000 -0.00000 0.000 -1 1549616113.289930
10.940000 0.727 -0.000 -0.00000 0.000 -1 1549616113.311888
10.950000 0.730 -0.000 -0.00040 0.000 -1 1549616113.323541
10.960000 0.733 -0.000 -0.00040 0.000 -1 1549616113.359589
10.970000 0.736 -0.000 -0.00000 0.000 -1 1549616113.370194
10.990000 0.742 -0.000 -0.00040 0.000 -1 1549616113.413334
11.000000 0.745 -0.000 -0.00000 0.000 -1 1549616113.434377
11.010000 0.748 -0.000 -0.00000 0.000 -1 1549616113.446496
11.020000 0.751 -0.000 -0.00040 0.000 -1 1549616113.478149
11.030000 0.754 -0.000 -0.00040 0.000 -1 1549616113.521960
11.040000 0.757 -0.000 -0.00000 0.000 -1 1549616113.555415
11.050000 0.760 -0.000 -0.00040 0.000 -1 1549616113.568591
11.060000 0.763 -0.000 -0.00040 0.000 -1 1549616113.600676
11.070000 0.766 -0.000 -0.00000 0.000 -1 1549616113.611931
11.080000 0.769 -0.000 -0.00000 0.000 -1 1549616113.636042
11.090000 0.772 -0.000 -0.00040 0.000 -1 1549616113.646703
11.100000 0.775 -0.000 -0.00040 0.000 -1 1549616113.678995
11.110000 0.778 -0.000 -0.00000 0.000 -1 1549616113.689627
11.120000 0.781 -0.000 -0.00040 0.000 -1 1549616113.721800
11.130000 0.784 -0.000 -0.00040 0.000 -1 1549616113.732841
11.140000 0.787 -0.000 -0.00000 0.000 -1 1549616113.757085
11.150000 0.790 -0.000 -0.00000 0.000 -1 1549616113.767982
11.160000 0.793 -0.000 -0.00040 0.000 -1 1549616113.799538
11.170000 0.796 -0.000 -0.00040 0.000 -1 1549616113.812587
11.180000 0.799 -0.000 -0.00000 0.000 -1 1549616113.835691
11.190000 0.802 -0.000 -0.00040 0.000 -1 1549616113.857027
11.200000 0.805 -0.000 -0.00040 0.000 -1 1549616113.878773
11.210000 0.808 -0.000 -0.00000 0.000 -1 1549616113.927949
11.220000 0.811 -0.000 -0.00000 0.000 -1 1549616113.939091
11.230000 0.814 -0.000 -0.00040 0.000 -1 1549616113.973489
11.240000 0.817 -0.000 -0.00040 0.000 -1 1549616114.006808
11.250000 0.820 -0.000 -0.00000 0.000 -1 1549616114.040078
11.260000 0.823 -0.000 -0.00040 0.000 -1 1549616114.078163
11.270000 0.826 -0.000 -0.00040 0.000 -1 1549616114.111652
11.280000 0.829 -0.000 -0.00040 0.000 -1 1549616114.123329
11.290000 0.832 -0.000 -0.00000 0.000 -1 1549616114.156074
11.300000 0.835 -0.000 -0.00040 0.000 -1 1549616114.168113
11.310000 0.838 -0.000 -0.00040 0.000 -1 1549616114.206332
11.320000 0.841 -0.000 -0.00000 0.000 -1 1549616114.217908
11.330000 0.844 -0.000 -0.00040 0.000 -1 1549616114.218020
11.340000 0.847 -0.000 -0.00040 0.000 -1 1549616114.241450
11.350000 0.850 -0.000 -0.00040 0.000 -1 1549616114.275422
11.360000 0.853 -0.000 -0.00000 0.000 -1 1549616114.286494
11.370000 0.856 -0.000 -0.00040 0.000 -1 1549616114.310156
11.380000 0.859 -0.000 -0.00040 0.000 -1 1549616114.320708
11.390000 0.862 -0.000 -0.00000 0.000 -1 1549616114.355796
11.410000 0.868 -0.000 -0.00040 0.000 -1 1549616114.393889
11.430000 0.874 -0.000 -0.00000 0.000 -1 1549616114.404888
11.450000 0.880 -0.000 -0.00040 0.000 -1 1549616114.472518
11.470000 0.885 -0.000 -0.00040 0.000 -1 1549616114.494774
11.490000 0.891 -0.000 -0.00000 0.000 -1 1549616114.561461
11.510000 0.896 -0.000 -0.00000 0.000 -1 1549616114.597347
11.530000 0.901 -0.000 -0.00040 0.000 -1 1549616114.621007
11.550000 0.906 -0.000 -0.00040 0.000 -1 1549616114.677132
11.570000 0.911 -0.000 -0.00040 0.000 -1 1549616114.731958
11.590000 0.916 -0.000 -0.00000 0.000 -1 1549616114.765328
11.610000 0.920 -0.000 -0.00000 0.000 -1 1549616114.808963
11.630000 0.925 -0.000 -0.00000 0.000 -1 1549616114.886331
11.650000 0.929 -0.000 -0.00000 0.000 -1 1549616114.949688
11.670000 0.933 -0.000 -0.00000 0.000 -1 1549616114.994886
11.690000 0.938 -0.000 -0.00000 0.000 -1 1549616115.046303
11.710000 0.942 -0.000 -0.00000 0.000 -1 1549616115.082742
11.730000 0.946 -0.000 -0.00000 0.000 -1 1549616115.116928
11.750000 0.949 -0.000 -0.00000 0.000 -1 1549616115.164720
11.770000 0.953 -0.000 -0.00000 0.000 -1 1549616115.208139
11.790000 0.957 -0.000 0.00040 0.000 -1 1549616115.242091
11.810000 0.960 -0.000 0.00040 0.000 -1 1549616115.286773
11.830000 0.963 -0.000 -0.00000 0.000 -1 1549616115.319895
11.850000 0.966 -0.000 -0.00000 0.000 -1 1549616115.375292
11.870000 0.969 -0.000 -0.00040 0.000 -1 1549616115.410751
11.900000 0.974 -0.000 -0.00040 0.000 -1 1549616115.477315
11.930000 0.978 -0.000 -0.00040 0.000 -1 1549616115.521264
11.960000 0.981 -0.000 -0.00040 0.000 -1 1549616115.598774
11.990000 0.985 -0.000 -0.00040 0.000 -1 1549616115.644678
12.020000 0.988 -0.000 -0.00000 0.000 -1 1549616115.690403
12.060000 0.991 -0.000 -0.00000 0.000 -1 1549616115.809639
12.100000 0.994 -0.000 0.00040 0.000 -1 1549616115.887592
12.150000 0.997 -0.000 0.00040 0.000 -1 1549616116.001373
12.180000 0.998 -0.000 -0.00910 0.000 -1 1549616116.068873
12.200000 0.998 -0.000 -0.01970 0.000 -1 1549616116.112585
12.210000 0.998 -0.000 -0.02600 0.000 -1 1549616116.123883
12.220000 0.998 -0.000 -0.03230 0.000 -1 1549616116.149983
12.230000 0.998 -0.000 -0.03860 0.000 -1 1549616116.160692
12.240000 0.998 -0.000 -0.04490 0.000 -1 1549616116.197682
12.250000 0.998 -0.000 -0.05200 0.000 -1 1549616116.209366
12.260000 0.998 -0.000 -0.05910 0.000 -1 1549616116.232068
12.270000 0.998 -0.000 -0.06620 0.000 -1 1549616116.243400
12.280000 0.998 -0.000 -0.07370 0.000 -1 1549616116.253939
12.290000 0.998 -0.000 -0.08120 0.000 -1 1549616116.287585
12.300000 0.998 -0.000 -0.08910 0.000 -1 1549616116.311329
12.310000 0.998 -0.000 -0.09770 0.000 -1 1549616116.322736
12.320000 0.998 -0.000 -0.10600 0.000 -1 1549616116.356510
12.330000 0.998 -0.000 -0.11430 0.000 -1 1549616116.367553
12.340000 0.998 -0.000 -0.12370 0.000 -1 1549616116.391006
12.350000 0.998 -0.000 -0.13320 0.000 -1 1549616116.402705
12.360000 0.998 -0.000 -0.14190 0.000 -1 1549616116.413970
12.370000 0.998 -0.000 -0.15130 0.000 -1 1549616116.441054
12.380000 0.998 -0.000 -0.16160 0.000 -1 1549616116.475438
12.390000 0.998 -0.000 -0.17100 0.000 -1 1549616116.486701
12.400000 0.998 -0.000 -0.18130 0.000 -1 1549616116.520781
12.410000 0.998 -0.000 -0.19230 0.000 -1 1549616116.532738
12.420000 0.998 -0.000 -0.20290 0.000 -1 1549616116.532799
12.430000 0.998 -0.000 -0.21360 0.000 -1 1549616116.566002
12.440000 0.998 -0.000 -0.22540 0.000 -1 1549616116.609141
12.450000 0.998 -0.000 -0.23640 0.000 -1 1549616116.642149
12.460000 0.998 -0.000 -0.24820 0.000 -1 1549616116.652734
12.470000 0.998 -0.000 -0.26010 0.000 -1 1549616116.673776
12.480000 0.998 -0.000 -0.27190 0.000 -1 1549616116.685309
12.490000 0.998 -0.000 -0.28450 0.000 -1 1549616116.685355
12.500000 0.998 -0.000 -0.29710 0.000 -1 1549616116.725548
12.510000 0.998 -0.000 -0.30970 0.000 -1 1549616116.760212
12.520000 0.998 -0.000 -0.32310 0.000 -1 1549616116.771319
12.530000 0.998 -0.000 -0.33570 0.000 -1 1549616116.805239
12.540000 0.998 -0.000 -0.34990 0.000 -1 1549616116.839545
12.550000 0.998 -0.000 -0.36370 0.000 -1 1549616116.871950
12.560000 0.998 -0.000 -0.37750 0.000 -1 1549616116.882560
12.570000 0.998 -0.000 -0.39170 0.000 -1 1549616116.894333
12.580000 0.998 -0.000 -0.40590 0.000 -1 1549616116.927595
12.590000 0.998 -0.000 -0.42080 0.000 -1 1549616116.973932
12.600000 0.998 -0.000 -0.43500 0.000 -1 1549616116.984610
12.610000 0.998 -0.000 -0.45080 0.000 -1 1549616116.995988
12.620000 0.998 -0.000 -0.46580 0.000 -1 1549616116.996054
12.630000 0.998 -0.000 -0.48150 0.000 -1 1549616117.006743
12.640000 0.998 -0.000 -0.49730 0.000 -1 1549616117.050786
12.650000 0.998 -0.000 -0.51380 0.000 -1 1549616117.084590
12.660000 0.998 -0.000 -0.52960 0.000 -1 1549616117.095076
12.670000 0.998 -0.000 -0.54610 0.000 -1 1549616117.095133
12.680000 0.998 -0.000 -0.56270 0.000 -1 1549616117.127835
12.690000 0.998 -0.000 -0.58000 0.000 -1 1549616117.159797
12.700000 0.998 -0.000 -0.59660 0.000 -1 1549616117.171129
12.710000 0.998 -0.000 -0.61470 0.000 -1 1549616117.171186
12.720000 0.998 -0.000 -0.63200 0.000 -1 1549616117.203345
12.730000 0.998 -0.000 -0.65020 0.000 -1 1549616117.235488
12.740000 0.998 -0.000 -0.66830 0.000 -1 1549616117.246207
12.750000 0.998 -0.000 -0.68640 0.000 -1 1549616117.278760
12.760000 0.998 -0.000 -0.70530 0.000 -1 1549616117.289350
12.770000 0.998 -0.000 -0.72350 0.000 -1 1549616117.312373
12.780000 0.998 -0.000 -0.74320 0.000 -1 1549616117.324165
12.790000 0.998 -0.000 -0.76210 0.000 -1 1549616117.357839
12.800000 0.998 -0.000 -0.78140 0.000 -1 1549616117.368796
12.810000 0.998 -0.000 -0.80150 0.000 -1 1549616117.401879
12.820000 0.998 -0.000 -0.82120 0.000 -1 1549616117.412494
12.830000 0.998 -0.000 -0.84170 0.000 -1 1549616117.412549
12.840000 0.998 -0.000 -0.86220 0.000 -1 1549616117.445437
12.850000 0.998 -0.000 -0.88260 0.000 -1 1549616117.478715
12.860000 0.998 -0.000 -0.90390 0.000 -1 1549616117.489820
12.870000 0.998 -0.000 -0.92440 0.000 -1 1549616117.512889
12.880000 0.998 -0.000 -0.94570 0.000 -1 1549616117.523497
12.890000 0.998 -0.000 -0.96780 0.000 -1 1549616117.534727
12.900000 0.998 -0.000 -0.98900 0.000 -1 1549616117.568171
12.910000 0.998 -0.000 -1.01110 0.000 -1 1549616117.601664
12.920000 0.998 -0.000 -1.03400 0.000 -1 1549616117.633148
12.930000 0.998 -0.000 -1.05600 0.000 -1 1549616117.643661
12.940000 0.998 -0.000 -1.07890 0.000 -1 1549616117.677640
12.950000 0.998 -0.000 -1.10250 0.000 -1 1549616117.688670
12.960000 0.998 -0.000 -1.12460 0.000 -1 1549616117.710711
12.970000 0.998 -0.000 -1.14590 0.000 -1 1549616117.721217
12.980000 0.998 -0.000 -1.16750 0.000 -1 1549616117.765029
12.990000 0.998 -0.000 -1.18840 0.000 -1 1549616117.801050
13.000000 0.998 -0.000 -1.20810 0.000 -1 1549616117.812301
13.010000 0.998 -0.000 -1.22860 0.000 -1 1549616117.812358
13.020000 0.998 -0.000 -1.24750 0.000 -1 1549616117.846824
13.030000 0.998 -0.000 -1.26570 0.000 -1 1549616117.890176
13.040000 0.998 -0.000 -1.28460 0.000 -1 1549616117.922386
13.050000 0.998 -0.000 -1.30190 0.000 -1 1549616117.954783
13.060000 0.998 -0.000 -1.31920 0.000 -1 1549616117.965342
13.070000 0.998 -0.000 -1.33580 0.000 -1 1549616118.000593
13.080000 0.998 -0.000 -1.35230 0.000 -1 1549616118.011154
13.090000 0.998 -0.000 -1.36730 0.000 -1 1549616118.034109
13.100000 0.998 -0.000 -1.38310 0.000 -1 1549616118.045087
13.110000 0.998 -0.000 -1.39730 0.000 -1 1549616118.077208
13.120000 0.998 -0.000 -1.41140 0.000 -1 1549616118.087812
13.130000 0.998 -0.000 -1.42520 0.000 -1 1549616118.112126
13.140000 0.998 -0.000 -1.43820 0.000 -1 1549616118.123626
13.150000 0.998 -0.000 -1.45080 0.000 -1 1549616118.134806
13.160000 0.998 -0.000 -1.46270 0.000 -1 1549616118.157363
13.170000 0.998 -0.000 -1.47450 0.000 -1 1549616118.191579
13.180000 0.998 -0.000 -1.48550 0.000 -1 1549616118.202780
13.190000 0.998 -0.000 -1.49580 0.000 -1 1549616118.236449
13.200000 0.998 -0.000 -1.50600 0.000 -1 1549616118.247694
13.210000 0.998 -0.000 -1.51550 0.000 -1 1549616118.281679
13.220000 0.998 -0.000 -1.52410 0.000 -1 1549616118.292982
13.230000 0.998 -0.000 -1.53280 0.000 -1 1549616118.316061
13.240000 0.998 -0.000 -1.54070 0.000 -1 1549616118.327496
13.250000 0.998 -0.000 -1.54780 0.000 -1 1549616118.361143
13.260000 0.998 -0.000 -1.55410 0.000 -1 1549616118.371663
13.270000 0.998 -0.000 -1.56040 0.000 -1 1549616118.394783
13.280000 0.998 -0.000 -1.56590 0.000 -1 1549616118.405397
13.300000 0.998 -0.000 -1.57380 0.000 -1 1549616118.450837
13.480000 0.998 -0.003 -1.57220 0.000 -1 1549616118.805449
13.540000 0.998 -0.006 -1.57140 0.000 -1 1549616118.954807
13.590000 0.998 -0.010 -1.57100 0.000 -1 1549616119.052841
13.630000 0.998 -0.013 -1.57100 0.000 -1 1549616119.127963
13.670000 0.998 -0.017 -1.57100 0.000 -1 1549616119.206026
13.700000 0.998 -0.021 -1.57060 0.000 -1 1549616119.251477
13.730000 0.998 -0.024 -1.57060 0.000 -1 1549616119.332394
13.760000 0.998 -0.028 -1.57060 0.000 -1 1549616119.364752
13.790000 0.998 -0.032 -1.57100 0.000 -1 1549616119.444946
13.820000 0.998 -0.036 -1.57100 0.000 -1 1549616119.489945
13.840000 0.998 -0.039 -1.57100 0.000 -1 1549616119.554842
13.860000 0.998 -0.042 -1.57100 0.000 -1 1549616119.595764
13.880000 0.998 -0.046 -1.57060 0.000 -1 1549616119.638338
13.900000 0.998 -0.049 -1.57060 0.000 -1 1549616119.672065
13.920000 0.998 -0.052 -1.57060 0.000 -1 1549616119.720035
13.940000 0.998 -0.056 -1.57060 0.000 -1 1549616119.764048
13.960000 0.998 -0.060 -1.57060 0.000 -1 1549616119.796561
13.980000 0.998 -0.064 -1.57100 0.000 -1 1549616119.830781
14.000000 0.998 -0.068 -1.57100 0.000 -1 1549616119.875220
14.020000 0.998 -0.072 -1.57100 0.000 -1 1549616119.885898
14.040000 0.998 -0.076 -1.57100 0.000 -1 1549616119.962132
14.060000 0.998 -0.080 -1.57100 0.000 -1 1549616119.995585
14.080000 0.998 -0.085 -1.57060 0.000 -1 1549616120.042205
14.100000 0.998 -0.089 -1.57060 0.000 -1 1549616120.075360
14.120000 0.998 -0.094 -1.57060 0.000 -1 1549616120.110286
14.140000 0.998 -0.099 -1.57060 0.000 -1 1549616120.154717
14.160000 0.998 -0.104 -1.57060 0.000 -1 1549616120.198720
14.180000 0.998 -0.109 -1.57100 0.000 -1 1549616120.231341
14.200000 0.998 -0.114 -1.57100 0.000 -1 1549616120.276532
14.220000 0.998 -0.119 -1.57060 0.000 -1 1549616120.287640
14.240000 0.998 -0.125 -1.57100 0.000 -1 1549616120.354794
14.260000 0.998 -0.130 -1.57100 0.000 -1 1549616120.387546
14.280000 0.998 -0.136 -1.57060 0.000 -1 1549616120.445184
14.300000 0.998 -0.142 -1.57060 0.000 -1 1549616120.488071
14.320000 0.998 -0.148 -1.57060 0.000 -1 1549616120.555555
14.330000 0.998 -0.151 -1.57060 0.000 -1 1549616120.566363
14.340000 0.998 -0.154 -1.57060 0.000 -1 1549616120.566408
14.360000 0.998 -0.160 -1.57060 0.000 -1 1549616120.633060
14.370000 0.998 -0.163 -1.57060 0.000 -1 1549616120.646249
14.390000 0.998 -0.169 -1.57060 0.000 -1 1549616120.689715
14.400000 0.998 -0.172 -1.57020 0.000 -1 1549616120.710821
14.410000 0.998 -0.175 -1.57060 0.000 -1 1549616120.722742
14.430000 0.998 -0.181 -1.57060 0.000 -1 1549616120.756608
14.440000 0.998 -0.184 -1.57060 0.000 -1 1549616120.788936
14.460000 0.998 -0.190 -1.57060 0.000 -1 1549616120.810182
14.470000 0.998 -0.193 -1.57020 0.000 -1 1549616120.842436
14.480000 0.998 -0.196 -1.57060 0.000 -1 1549616120.875886
14.500000 0.998 -0.202 -1.57060 0.000 -1 1549616120.919590
14.510000 0.998 -0.205 -1.57060 0.000 -1 1549616120.930816
14.530000 0.998 -0.211 -1.57060 0.000 -1 1549616120.964901
14.540000 0.998 -0.214 -1.57060 0.000 -1 1549616120.999355
14.550000 0.998 -0.217 -1.57060 0.000 -1 1549616121.044466
14.570000 0.998 -0.223 -1.57060 0.000 -1 1549616121.055516
14.580000 0.998 -0.226 -1.57060 0.000 -1 1549616121.077752
14.600000 0.998 -0.232 -1.57060 0.000 -1 1549616121.122761
14.610000 0.998 -0.235 -1.57060 0.000 -1 1549616121.155365
14.620000 0.998 -0.238 -1.57060 0.000 -1 1549616121.173992
14.640000 0.998 -0.244 -1.57060 0.000 -1 1549616121.207504
14.650000 0.998 -0.247 -1.57060 0.000 -1 1549616121.207569
14.660000 0.998 -0.250 -1.57060 0.000 -1 1549616121.239540
14.680000 0.998 -0.256 -1.57060 0.000 -1 1549616121.284512
14.690000 0.998 -0.259 -1.57060 0.000 -1 1549616121.295413
14.710000 0.998 -0.265 -1.57060 0.000 -1 1549616121.363358
14.720000 0.998 -0.268 -1.57060 0.000 -1 1549616121.395244
14.730000 0.998 -0.271 -1.57060 0.000 -1 1549616121.405817
14.750000 0.998 -0.277 -1.57060 0.000 -1 1549616121.438353
14.760000 0.998 -0.280 -1.57060 0.000 -1 1549616121.449641
14.780000 0.998 -0.286 -1.57060 0.000 -1 1549616121.516489
14.790000 0.998 -0.289 -1.57060 0.000 -1 1549616121.550379
14.800000 0.998 -0.292 -1.57060 0.000 -1 1549616121.562552
14.820000 0.998 -0.298 -1.57060 0.000 -1 1549616121.608365
14.830000 0.998 -0.301 -1.57060 0.000 -1 1549616121.631412
14.850000 0.998 -0.307 -1.57060 0.000 -1 1549616121.678089
14.860000 0.998 -0.310 -1.57020 0.000 -1 1549616121.689149
14.870000 0.998 -0.313 -1.57060 0.000 -1 1549616121.723306
14.890000 0.998 -0.319 -1.57060 0.000 -1 1549616121.745731
14.900000 0.998 -0.322 -1.57060 0.000 -1 1549616121.756377
14.920000 0.998 -0.328 -1.57060 0.000 -1 1549616121.810668
14.930000 0.998 -0.331 -1.57020 0.000 -1 1549616121.844478
14.940000 0.998 -0.334 -1.57060 0.000 -1 1549616121.876475
14.960000 0.998 -0.340 -1.57060 0.000 -1 1549616121.930532
14.970000 0.998 -0.343 -1.57060 0.000 -1 1549616121.953767
14.990000 0.998 -0.349 -1.57060 0.000 -1 1549616121.990156
15.000000 0.998 -0.352 -1.57060 0.000 -1 1549616122.000861
15.010000 0.998 -0.355 -1.57060 0.000 -1 1549616122.033423
15.030000 0.998 -0.361 -1.57060 0.000 -1 1549616122.044044
15.040000 0.998 -0.364 -1.57060 0.000 -1 1549616122.087674
15.060000 0.998 -0.370 -1.57060 0.000 -1 1549616122.130869
15.070000 0.998 -0.373 -1.57060 0.000 -1 1549616122.152949
15.080000 0.998 -0.376 -1.57060 0.000 -1 1549616122.164561
15.100000 0.998 -0.382 -1.57060 0.000 -1 1549616122.208919
15.110000 0.998 -0.385 -1.57060 0.000 -1 1549616122.242197
15.120000 0.998 -0.388 -1.57060 0.000 -1 1549616122.252803
15.140000 0.998 -0.394 -1.57060 0.000 -1 1549616122.285472
15.150000 0.998 -0.397 -1.57060 0.000 -1 1549616122.319459
15.170000 0.998 -0.403 -1.57060 0.000 -1 1549616122.330136
15.180000 0.998 -0.406 -1.57060 0.000 -1 1549616122.363781
15.190000 0.998 -0.409 -1.57060 0.000 -1 1549616122.396444
15.210000 0.998 -0.415 -1.57060 0.000 -1 1549616122.430736
15.220000 0.998 -0.418 -1.57060 0.000 -1 1549616122.441984
15.240000 0.998 -0.424 -1.57060 0.000 -1 1549616122.486682
15.250000 0.998 -0.427 -1.57060 0.000 -1 1549616122.521110
15.260000 0.998 -0.430 -1.57060 0.000 -1 1549616122.539375
15.280000 0.998 -0.436 -1.57060 0.000 -1 1549616122.596156
15.290000 0.998 -0.439 -1.57060 0.000 -1 1549616122.606809
15.310000 0.998 -0.445 -1.57060 0.000 -1 1549616122.649909
15.320000 0.998 -0.448 -1.57020 0.000 -1 1549616122.649972
15.330000 0.998 -0.451 -1.57060 0.000 -1 1549616122.681509
15.350000 0.998 -0.457 -1.57060 0.000 -1 1549616122.727498
15.360000 0.998 -0.460 -1.57060 0.000 -1 1549616122.760962
15.380000 0.998 -0.466 -1.57060 0.000 -1 1549616122.811498
15.390000 0.998 -0.469 -1.57020 0.000 -1 1549616122.834182
15.400000 0.998 -0.472 -1.57060 0.000 -1 1549616122.845145
15.420000 0.998 -0.478 -1.57060 0.000 -1 1549616122.886969
15.430000 0.998 -0.481 -1.57060 0.000 -1 1549616122.920241
15.450000 0.998 -0.487 -1.57060 0.000 -1 1549616122.973393
15.460000 0.998 -0.490 -1.57060 0.000 -1 1549616122.995051
15.470000 0.998 -0.493 -1.57060 0.000 -1 1549616123.005569
15.490000 0.998 -0.499 -1.57060 0.000 -1 1549616123.040961
15.500000 0.998 -0.502 -1.57060 0.000 -1 1549616123.075005
15.520000 0.998 -0.508 -1.57060 0.000 -1 1549616123.085640
15.530000 0.998 -0.511 -1.57060 0.000 -1 1549616123.120827
15.540000 0.998 -0.514 -1.57060 0.000 -1 1549616123.165981
15.560000 0.998 -0.520 -1.57060 0.000 -1 1549616123.177330
15.570000 0.998 -0.523 -1.57060 0.000 -1 1549616123.209823
15.590000 0.998 -0.529 -1.57060 0.000 -1 1549616123.258869
15.600000 0.998 -0.532 -1.57060 0.000 -1 1549616123.281293
15.610000 0.998 -0.535 -1.57060 0.000 -1 1549616123.313997
15.630000 0.998 -0.541 -1.57060 0.000 -1 1549616123.326143
15.640000 0.998 -0.544 -1.57060 0.000 -1 1549616123.359391
15.650000 0.998 -0.547 -1.57060 0.000 -1 1549616123.405600
15.670000 0.998 -0.553 -1.57060 0.000 -1 1549616123.427612
15.680000 0.998 -0.556 -1.57060 0.000 -1 1549616123.439233
15.700000 0.998 -0.562 -1.57060 0.000 -1 1549616123.482698
15.710000 0.998 -0.565 -1.57060 0.000 -1 1549616123.516013
15.720000 0.998 -0.568 -1.57060 0.000 -1 1549616123.527825
15.740000 0.998 -0.574 -1.57060 0.000 -1 1549616123.567056
15.750000 0.998 -0.577 -1.57060 0.000 -1 1549616123.602188
15.770000 0.998 -0.583 -1.57060 0.000 -1 1549616123.646455
15.780000 0.998 -0.586 -1.57020 0.000 -1 1549616123.679621
15.790000 0.998 -0.589 -1.57060 0.000 -1 1549616123.690184
15.810000 0.998 -0.595 -1.57060 0.000 -1 1549616123.722818
15.820000 0.998 -0.598 -1.57060 0.000 -1 1549616123.755459
15.840000 0.998 -0.604 -1.57060 0.000 -1 1549616123.788893
15.850000 0.998 -0.607 -1.57020 0.000 -1 1549616123.799484
15.860000 0.998 -0.610 -1.57060 0.000 -1 1549616123.831368
15.880000 0.998 -0.616 -1.57060 0.000 -1 1549616123.853351
15.890000 0.998 -0.619 -1.57060 0.000 -1 1549616123.888618
15.910000 0.998 -0.625 -1.57060 0.000 -1 1549616123.932027
15.920000 0.998 -0.628 -1.57060 0.000 -1 1549616123.955611
15.930000 0.998 -0.631 -1.57060 0.000 -1 1549616123.966154
15.950000 0.998 -0.637 -1.57060 0.000 -1 1549616124.001024
15.960000 0.998 -0.640 -1.57060 0.000 -1 1549616124.035300
15.980000 0.998 -0.646 -1.57060 0.000 -1 1549616124.079450
15.990000 0.998 -0.649 -1.57060 0.000 -1 1549616124.091137
16.000000 0.998 -0.652 -1.57060 0.000 -1 1549616124.091201
16.020000 0.998 -0.658 -1.57060 0.000 -1 1549616124.157629
16.030000 0.998 -0.661 -1.57060 0.000 -1 1549616124.169199
16.040000 0.998 -0.664 -1.57060 0.000 -1 1549616124.191043
16.060000 0.998 -0.670 -1.57060 0.000 -1 1549616124.214089
16.070000 0.998 -0.673 -1.57060 0.000 -1 1549616124.246292
16.090000 0.998 -0.679 -1.57060 0.000 -1 1549616124.279076
16.100000 0.998 -0.682 -1.57060 0.000 -1 1549616124.312730
16.110000 0.998 -0.685 -1.57060 0.000 -1 1549616124.324431
16.130000 0.998 -0.691 -1.57060 0.000 -1 1549616124.369002
16.140000 0.998 -0.694 -1.57060 0.000 -1 1549616124.400861
16.160000 0.998 -0.700 -1.57060 0.000 -1 1549616124.434244
16.170000 0.998 -0.703 -1.57060 0.000 -1 1549616124.445613
16.180000 0.998 -0.706 -1.57060 0.000 -1 1549616124.477698
16.200000 0.998 -0.712 -1.57060 0.000 -1 1549616124.532206
16.210000 0.998 -0.715 -1.57060 0.000 -1 1549616124.554550
16.230000 0.998 -0.721 -1.57060 0.000 -1 1549616124.565847
16.240000 0.998 -0.724 -1.57020 0.000 -1 1549616124.599418
16.250000 0.998 -0.727 -1.57060 0.000 -1 1549616124.632465
16.270000 0.998 -0.733 -1.57060 0.000 -1 1549616124.676447
16.280000 0.998 -0.736 -1.57060 0.000 -1 1549616124.688032
16.300000 0.998 -0.742 -1.57060 0.000 -1 1549616124.731970
16.310000 0.998 -0.745 -1.57020 0.000 -1 1549616124.753737
16.320000 0.998 -0.748 -1.57060 0.000 -1 1549616124.764319
16.340000 0.998 -0.754 -1.57060 0.000 -1 1549616124.819482
16.350000 0.998 -0.757 -1.57060 0.000 -1 1549616124.860167
16.370000 0.998 -0.763 -1.57060 0.000 -1 1549616125.062125
16.380000 0.998 -0.766 -1.57060 0.000 -1 1549616125.214819
16.390000 0.998 -0.769 -1.57060 0.000 -1 1549616125.258697
16.410000 0.998 -0.775 -1.57060 0.000 -1 1549616125.337772
16.420000 0.998 -0.778 -1.57060 0.000 -1 1549616125.382931
16.440000 0.998 -0.784 -1.57060 0.000 -1 1549616125.475842
16.450000 0.998 -0.787 -1.57060 0.000 -1 1549616125.475928
16.460000 0.998 -0.790 -1.57060 0.000 -1 1549616125.510252
16.480000 0.998 -0.796 -1.57060 0.000 -1 1549616125.582133
16.490000 0.998 -0.799 -1.57060 0.000 -1 1549616125.615155
16.500000 0.998 -0.802 -1.57060 0.000 -1 1549616125.625951
16.520000 0.998 -0.808 -1.57060 0.000 -1 1549616125.695779
16.530000 0.998 -0.811 -1.57060 0.000 -1 1549616125.706912
16.550000 0.998 -0.817 -1.57060 0.000 -1 1549616125.776717
16.560000 0.998 -0.820 -1.57060 0.000 -1 1549616125.787722
16.570000 0.998 -0.823 -1.57060 0.000 -1 1549616125.820849
16.590000 0.998 -0.829 -1.57060 0.000 -1 1549616125.868141
16.600000 0.998 -0.832 -1.57060 0.000 -1 1549616125.901293
16.620000 0.998 -0.838 -1.57060 0.000 -1 1549616125.966846
16.630000 0.998 -0.841 -1.57020 0.000 -1 1549616125.978081
16.640000 0.998 -0.844 -1.57060 0.000 -1 1549616126.024148
16.660000 0.998 -0.850 -1.57060 0.000 -1 1549616126.070328
16.670000 0.998 -0.853 -1.57060 0.000 -1 1549616126.092496
16.690000 0.998 -0.859 -1.57060 0.000 -1 1549616126.137534
16.700000 0.998 -0.862 -1.57020 0.000 -1 1549616126.148136
16.710000 0.998 -0.865 -1.57060 0.000 -1 1549616126.181268
16.730000 0.998 -0.870 -1.57060 0.000 -1 1549616126.258710
16.740000 0.998 -0.873 -1.57060 0.000 -1 1549616126.269407
16.760000 0.998 -0.879 -1.57100 0.000 -1 1549616126.303241
16.780000 0.998 -0.884 -1.57060 0.000 -1 1549616126.370200
16.800000 0.998 -0.890 -1.57100 0.000 -1 1549616126.416027
16.820000 0.998 -0.895 -1.57100 0.000 -1 1549616126.454405
16.840000 0.998 -0.900 -1.57100 0.000 -1 1549616126.498509
16.860000 0.998 -0.905 -1.57060 0.000 -1 1549616126.531274
16.880000 0.998 -0.910 -1.57100 0.000 -1 1549616126.574779
16.900000 0.998 -0.915 -1.57100 0.000 -1 1549616126.620048
16.920000 0.998 -0.920 -1.57060 0.000 -1 1549616126.652909
16.940000 0.998 -0.924 -1.57020 0.000 -1 1549616126.696422
16.960000 0.998 -0.929 -1.57060 0.000 -1 1549616126.772493
16.980000 0.998 -0.933 -1.57060 0.000 -1 1549616126.815623
17.000000 0.998 -0.937 -1.57060 0.000 -1 1549616126.848545
17.020000 0.998 -0.941 -1.57060 0.000 -1 1549616126.891843
17.040000 0.998 -0.945 -1.57060 0.000 -1 1549616126.928173
17.060000 0.998 -0.949 -1.57060 0.000 -1 1549616126.973755
17.080000 0.998 -0.953 -1.57060 0.000 -1 1549616127.016512
17.100000 0.998 -0.956 -1.57100 0.000 -1 1549616127.060051
17.120000 0.998 -0.960 -1.57100 0.000 -1 1549616127.103979
17.140000 0.998 -0.963 -1.57100 0.000 -1 1549616127.169231
17.160000 0.998 -0.966 -1.57100 0.000 -1 1549616127.215821
17.180000 0.998 -0.969 -1.57100 0.000 -1 1549616127.258822
17.200000 0.998 -0.972 -1.57100 0.000 -1 1549616127.325088
17.230000 0.998 -0.976 -1.57100 0.000 -1 1549616127.382378
17.260000 0.998 -0.980 -1.57100 0.000 -1 1549616127.416605
17.290000 0.998 -0.983 -1.57100 0.000 -1 1549616127.539673
17.320000 0.998 -0.986 -1.57100 0.000 -1 1549616127.587400
17.360000 0.998 -0.990 -1.57100 0.000 -1 1549616127.664708
17.400000 0.998 -0.994 -1.57100 0.000 -1 1549616127.742676
17.450000 0.998 -0.997 -1.57100 0.000 -1 1549616127.893946
17.500000 0.998 -0.998 -1.58050 0.000 -1 1549616128.049754
17.510000 0.998 -0.998 -1.58600 0.000 -1 1549616128.061430
17.520000 0.998 -0.998 -1.59150 0.000 -1 1549616128.061568
17.530000 0.998 -0.998 -1.59740 0.000 -1 1549616128.095057
17.540000 0.998 -0.998 -1.60370 0.000 -1 1549616128.105694
17.550000 0.998 -0.998 -1.60960 0.000 -1 1549616128.141542
17.560000 0.998 -0.998 -1.61670 0.000 -1 1549616128.152612
17.570000 0.998 -0.998 -1.62380 0.000 -1 1549616128.176749
17.580000 0.998 -0.998 -1.63050 0.000 -1 1549616128.187939
17.590000 0.998 -0.998 -1.63760 0.000 -1 1549616128.221818
17.600000 0.998 -0.998 -1.64510 0.000 -1 1549616128.264081
17.610000 0.998 -0.998 -1.65300 0.000 -1 1549616128.298211
17.620000 0.998 -0.998 -1.66090 0.000 -1 1549616128.330400
17.630000 0.998 -0.998 -1.66910 0.000 -1 1549616128.363623
17.640000 0.998 -0.998 -1.67740 0.000 -1 1549616128.374108
17.650000 0.998 -0.998 -1.68610 0.000 -1 1549616128.374163
17.660000 0.998 -0.998 -1.69520 0.000 -1 1549616128.419492
17.670000 0.998 -0.998 -1.70420 0.000 -1 1549616128.452127
17.680000 0.998 -0.998 -1.71370 0.000 -1 1549616128.463633
17.690000 0.998 -0.998 -1.72310 0.000 -1 1549616128.463694
17.700000 0.998 -0.998 -1.73300 0.000 -1 1549616128.496560
17.710000 0.998 -0.998 -1.74280 0.000 -1 1549616128.529795
17.720000 0.998 -0.998 -1.75310 0.000 -1 1549616128.541149
17.730000 0.998 -0.998 -1.76370 0.000 -1 1549616128.574629
17.740000 0.998 -0.998 -1.77440 0.000 -1 1549616128.620627
17.750000 0.998 -0.998 -1.78540 0.000 -1 1549616128.631212
17.760000 0.998 -0.998 -1.79680 0.000 -1 1549616128.655422
17.770000 0.998 -0.998 -1.80820 0.000 -1 1549616128.666877
17.780000 0.998 -0.998 -1.82010 0.000 -1 1549616128.700586
17.790000 0.998 -0.998 -1.83150 0.000 -1 1549616128.733563
17.800000 0.998 -0.998 -1.84370 0.000 -1 1549616128.744820
17.810000 0.998 -0.998 -1.85590 0.000 -1 1549616128.778732
17.820000 0.998 -0.998 -1.86810 0.000 -1 1549616128.814862
17.830000 0.998 -0.998 -1.88150 0.000 -1 1549616128.826260
17.840000 0.998 -0.998 -1.89450 0.000 -1 1549616128.849373
17.850000 0.998 -0.998 -1.90750 0.000 -1 1549616128.860008
17.860000 0.998 -0.998 -1.92130 0.000 -1 1549616128.895214
17.870000 0.998 -0.998 -1.93510 0.000 -1 1549616128.905790
17.880000 0.998 -0.998 -1.94930 0.000 -1 1549616128.938745
17.890000 0.998 -0.998 -1.96270 0.000 -1 1549616128.972771
17.900000 0.998 -0.998 -1.97770 0.000 -1 1549616128.984183
17.910000 0.998 -0.998 -1.99230 0.000 -1 1549616128.984339
17.920000 0.998 -0.998 -2.00680 0.000 -1 1549616129.007632
17.930000 0.998 -0.998 -2.02220 0.000 -1 1549616129.019441
17.940000 0.998 -0.998 -2.03760 0.000 -1 1549616129.062017
17.950000 0.998 -0.998 -2.05290 0.000 -1 1549616129.094251
17.960000 0.998 -0.998 -2.06910 0.000 -1 1549616129.138386
17.970000 0.998 -0.998 -2.08530 0.000 -1 1549616129.172948
17.980000 0.998 -0.998 -2.10140 0.000 -1 1549616129.184466
17.990000 0.998 -0.998 -2.11760 0.000 -1 1549616129.184600
18.000000 0.998 -0.998 -2.13450 0.000 -1 1549616129.217803
18.010000 0.998 -0.998 -2.15150 0.000 -1 1549616129.228810
18.020000 0.998 -0.998 -2.16840 0.000 -1 1549616129.260840
18.030000 0.998 -0.998 -2.18570 0.000 -1 1549616129.295380
18.040000 0.998 -0.998 -2.20390 0.000 -1 1549616129.305954
18.050000 0.998 -0.998 -2.22120 0.000 -1 1549616129.339848
18.060000 0.998 -0.998 -2.24010 0.000 -1 1549616129.350379
18.070000 0.998 -0.998 -2.25820 0.000 -1 1549616129.374039
18.080000 0.998 -0.998 -2.27680 0.000 -1 1549616129.411730
18.090000 0.998 -0.998 -2.29530 0.000 -1 1549616129.422742
18.100000 0.998 -0.998 -2.31420 0.000 -1 1549616129.457079
18.110000 0.998 -0.998 -2.33390 0.000 -1 1549616129.468320
18.120000 0.998 -0.998 -2.35280 0.000 -1 1549616129.501349
18.130000 0.998 -0.998 -2.37290 0.000 -1 1549616129.533914
18.140000 0.998 -0.998 -2.39300 0.000 -1 1549616129.567241
18.150000 0.998 -0.998 -2.41270 0.000 -1 1549616129.578485
18.160000 0.998 -0.998 -2.43360 0.000 -1 1549616129.578542
18.170000 0.998 -0.998 -2.45450 0.000 -1 1549616129.611707
18.180000 0.998 -0.998 -2.47500 0.000 -1 1549616129.655744
18.190000 0.998 -0.998 -2.49620 0.000 -1 1549616129.666368
18.200000 0.998 -0.998 -2.51750 0.000 -1 1549616129.699542
18.210000 0.998 -0.998 -2.53920 0.000 -1 1549616129.735435
18.220000 0.998 -0.998 -2.56090 0.000 -1 1549616129.746144
18.230000 0.998 -0.998 -2.58290 0.000 -1 1549616129.767968
18.240000 0.998 -0.998 -2.60500 0.000 -1 1549616129.779020
18.250000 0.998 -0.998 -2.62740 0.000 -1 1549616129.813569
18.260000 0.998 -0.998 -2.65070 0.000 -1 1549616129.850034
18.270000 0.998 -0.998 -2.67360 0.000 -1 1549616129.860764
18.280000 0.998 -0.998 -2.69600 0.000 -1 1549616129.860835
18.290000 0.998 -0.998 -2.71770 0.000 -1 1549616129.894378
18.300000 0.998 -0.998 -2.73900 0.000 -1 1549616129.927007
18.310000 0.998 -0.998 -2.75980 0.000 -1 1549616129.937639
18.320000 0.998 -0.998 -2.77990 0.000 -1 1549616129.937698
18.330000 0.998 -0.998 -2.79960 0.000 -1 1549616129.980429
18.340000 0.998 -0.998 -2.81930 0.000 -1 1549616130.012857
18.350000 0.998 -0.998 -2.83750 0.000 -1 1549616130.024263
18.360000 0.998 -0.998 -2.85600 0.000 -1 1549616130.063481
18.370000 0.998 -0.998 -2.87370 0.000 -1 1549616130.074045
18.380000 0.998 -0.998 -2.89070 0.000 -1 1549616130.096675
18.390000 0.998 -0.998 -2.90760 0.000 -1 1549616130.130196
18.400000 0.998 -0.998 -2.92380 0.000 -1 1549616130.141333
18.410000 0.998 -0.998 -2.93910 0.000 -1 1549616130.174837
18.420000 0.998 -0.998 -2.95450 0.000 -1 1549616130.185366
18.430000 0.998 -0.998 -2.96910 0.000 -1 1549616130.207034
18.440000 0.998 -0.998 -2.98290 0.000 -1 1549616130.218732
18.450000 0.998 -0.998 -2.99670 0.000 -1 1549616130.251651
18.460000 0.998 -0.998 -3.01010 0.000 -1 1549616130.262900
18.470000 0.998 -0.998 -3.02190 0.000 -1 1549616130.296657
18.480000 0.998 -0.998 -3.03450 0.000 -1 1549616130.330536
18.490000 0.998 -0.998 -3.04590 0.000 -1 1549616130.341120
18.500000 0.998 -0.998 -3.05660 0.000 -1 1549616130.375488
18.510000 0.998 -0.998 -3.06760 0.000 -1 1549616130.387433
18.520000 0.998 -0.998 -3.07740 0.000 -1 1549616130.410162
18.530000 0.998 -0.998 -3.08650 0.000 -1 1549616130.421442
18.540000 0.998 -0.998 -3.09600 0.000 -1 1549616130.455820
18.550000 0.998 -0.998 -3.10460 0.000 -1 1549616130.467284
18.560000 0.998 -0.998 -3.11210 0.000 -1 1549616130.489744
18.570000 0.998 -0.998 -3.11880 0.000 -1 1549616130.500521
18.580000 0.998 -0.998 -3.12510 0.000 -1 1549616130.535662
18.590000 0.998 -0.998 -3.13140 0.000 -1 1549616130.546189
18.600000 0.998 -0.998 -3.13690 0.000 -1 1549616130.579019
18.620000 0.998 -0.998 3.13880 0.000 -1 1549616130.612240
18.800000 0.995 -0.998 3.13990 0.000 -1 1549616131.021895
18.860000 0.992 -0.998 3.14030 0.000 -1 1549616131.137114
18.910000 0.988 -0.998 3.14070 0.000 -1 1549616131.260497
18.950000 0.985 -0.998 3.14110 0.000 -1 1549616131.338134
18.990000 0.981 -0.998 3.14110 0.000 -1 1549616131.458528
19.020000 0.978 -0.998 3.14110 0.000 -1 1549616131.548106
19.050000 0.974 -0.998 3.14150 0.000 -1 1549616131.616982
19.080000 0.970 -0.998 3.14150 0.000 -1 1549616131.662431
19.110000 0.967 -0.998 -3.14130 0.000 -1 1549616131.741349
19.140000 0.962 -0.998 -3.14130 0.000 -1 1549616131.792296
19.160000 0.959 -0.998 3.14150 0.000 -1 1549616131.850254
19.180000 0.956 -0.998 -3.14130 0.000 -1 1549616131.861408
19.200000 0.953 -0.998 -3.14130 0.000 -1 1549616131.912998
19.220000 0.949 -0.998 -3.14090 0.000 -1 1549616131.968909
19.240000 0.946 -0.998 -3.14090 0.000 -1 1549616131.980459
19.260000 0.942 -0.998 -3.14090 0.000 -1 1549616132.026416
19.280000 0.938 -0.998 -3.14090 0.000 -1 1549616132.090735
19.300000 0.935 -0.998 -3.14130 0.000 -1 1549616132.136475
19.320000 0.931 -0.998 -3.14130 0.000 -1 1549616132.216121
19.340000 0.926 -0.998 -3.14130 0.000 -1 1549616132.251422
19.360000 0.922 -0.998 -3.14130 0.000 -1 1549616132.295811
19.380000 0.918 -0.998 -3.14130 0.000 -1 1549616132.340264
19.400000 0.913 -0.998 3.14150 0.000 -1 1549616132.384101
19.420000 0.909 -0.998 3.14150 0.000 -1 1549616132.405742
19.440000 0.904 -0.998 3.14150 0.000 -1 1549616132.450776
19.460000 0.899 -0.998 3.14150 0.000 -1 1549616132.496018
19.480000 0.894 -0.998 3.14110 0.000 -1 1549616132.530931
19.500000 0.889 -0.998 -3.14130 0.000 -1 1549616132.575262
19.520000 0.884 -0.998 3.14150 0.000 -1 1549616132.607667
19.540000 0.879 -0.998 3.14150 0.000 -1 1549616132.662352
19.560000 0.874 -0.998 -3.14130 0.000 -1 1549616132.695418
19.580000 0.868 -0.998 -3.14130 0.000 -1 1549616132.727890
19.600000 0.862 -0.998 3.14150 0.000 -1 1549616132.772296
19.620000 0.857 -0.998 3.14110 0.000 -1 1549616132.815508
19.640000 0.851 -0.998 3.14150 0.000 -1 1549616132.848765
19.650000 0.848 -0.998 3.14110 0.000 -1 1549616132.860157
19.660000 0.845 -0.998 3.14150 0.000 -1 1549616132.893205
19.670000 0.842 -0.998 3.14150 0.000 -1 1549616132.905026
19.680000 0.839 -0.998 3.14150 0.000 -1 1549616132.939390
19.690000 0.836 -0.998 3.14110 0.000 -1 1549616132.950713
19.700000 0.833 -0.998 3.14150 0.000 -1 1549616132.973556
19.710000 0.830 -0.998 3.14150 0.000 -1 1549616133.007671
19.720000 0.827 -0.998 3.14110 0.000 -1 1549616133.018267
19.730000 0.824 -0.998 3.14150 0.000 -1 1549616133.018332
19.740000 0.821 -0.998 3.14150 0.000 -1 1549616133.051765
19.750000 0.818 -0.998 3.14150 0.000 -1 1549616133.063503
19.760000 0.815 -0.998 3.14110 0.000 -1 1549616133.085310
19.770000 0.812 -0.998 3.14150 0.000 -1 1549616133.096525
19.780000 0.809 -0.998 3.14150 0.000 -1 1549616133.131227
19.800000 0.803 -0.998 3.14110 0.000 -1 1549616133.176639
19.810000 0.800 -0.998 3.14150 0.000 -1 1549616133.187187
19.820000 0.797 -0.998 3.14150 0.000 -1 1549616133.219689
19.830000 0.794 -0.998 3.14110 0.000 -1 1549616133.242563
19.840000 0.791 -0.998 3.14150 0.000 -1 1549616133.253833
19.850000 0.788 -0.998 3.14150 0.000 -1 1549616133.264865
19.870000 0.782 -0.998 3.14110 0.000 -1 1549616133.310239
19.880000 0.779 -0.998 3.14150 0.000 -1 1549616133.333639
19.890000 0.776 -0.998 3.14150 0.000 -1 1549616133.345454
19.900000 0.773 -0.998 3.14110 0.000 -1 1549616133.377590
19.910000 0.770 -0.998 3.14150 0.000 -1 1549616133.388873
19.920000 0.767 -0.998 3.14150 0.000 -1 1549616133.410337
19.940000 0.761 -0.998 3.14110 0.000 -1 1549616133.456043
19.950000 0.758 -0.998 3.14150 0.000 -1 1549616133.456118
19.960000 0.755 -0.998 3.14150 0.000 -1 1549616133.490475
19.970000 0.752 -0.998 3.14110 0.000 -1 1549616133.502018
19.980000 0.749 -0.998 3.14150 0.000 -1 1549616133.535295
19.990000 0.746 -0.998 3.14150 0.000 -1 1549616133.547468
20.000000 0.743 -0.998 3.14150 0.000 -1 1549616133.569645
20.010000 0.740 -0.998 3.14110 0.000 -1 1549616133.580605
20.020000 0.737 -0.998 3.14150 0.000 -1 1549616133.612232
20.030000 0.734 -0.998 3.14150 0.000 -1 1549616133.656900
20.040000 0.731 -0.998 3.14110 0.000 -1 1549616133.667492
20.050000 0.728 -0.998 3.14150 0.000 -1 1549616133.690750
20.060000 0.725 -0.998 3.14150 0.000 -1 1549616133.702633
20.070000 0.722 -0.998 3.14150 0.000 -1 1549616133.736935
20.080000 0.719 -0.998 3.14110 0.000 -1 1549616133.771794
20.090000 0.716 -0.998 3.14150 0.000 -1 1549616133.782754
20.100000 0.713 -0.998 3.14150 0.000 -1 1549616133.782823
20.110000 0.710 -0.998 3.14110 0.000 -1 1549616133.814798
20.120000 0.707 -0.998 3.14150 0.000 -1 1549616133.848507
20.130000 0.704 -0.998 3.14150 0.000 -1 1549616133.860424
20.140000 0.701 -0.998 3.14150 0.000 -1 1549616133.860501
20.150000 0.698 -0.998 3.14110 0.000 -1 1549616133.894241
20.160000 0.695 -0.998 3.14150 0.000 -1 1549616133.904902
20.170000 0.692 -0.998 3.14150 0.000 -1 1549616133.937141
20.190000 0.686 -0.998 3.14150 0.000 -1 1549616133.986775
20.200000 0.683 -0.998 3.14150 0.000 -1 1549616134.019874
20.210000 0.680 -0.998 3.14150 0.000 -1 1549616134.056213
20.220000 0.677 -0.998 3.14110 0.000 -1 1549616134.067489
20.230000 0.674 -0.998 3.14150 0.000 -1 1549616134.089264
20.240000 0.671 -0.998 3.14150 0.000 -1 1549616134.100316
20.260000 0.665 -0.998 3.14110 0.000 -1 1549616134.143969
20.270000 0.662 -0.998 3.14150 0.000 -1 1549616134.178440
20.280000 0.659 -0.998 3.14150 0.000 -1 1549616134.211267
20.290000 0.656 -0.998 3.14110 0.000 -1 1549616134.222327
20.300000 0.653 -0.998 3.14150 0.000 -1 1549616134.222392
20.310000 0.650 -0.998 3.14150 0.000 -1 1549616134.255356
20.330000 0.644 -0.998 3.14110 0.000 -1 1549616134.288909
20.340000 0.641 -0.998 3.14150 0.000 -1 1549616134.299826
20.350000 0.638 -0.998 3.14150 0.000 -1 1549616134.332901
20.370000 0.632 -0.998 3.14150 0.000 -1 1549616134.377222
20.380000 0.629 -0.998 3.14150 0.000 -1 1549616134.396960
20.400000 0.623 -0.998 3.14110 0.000 -1 1549616134.442141
20.410000 0.620 -0.998 3.14150 0.000 -1 1549616134.452730
20.420000 0.617 -0.998 3.14150 0.000 -1 1549616134.464633
20.430000 0.614 -0.998 3.14110 0.000 -1 1549616134.498755
20.440000 0.611 -0.998 3.14150 0.000 -1 1549616134.509902
20.450000 0.608 -0.998 3.14150 0.000 -1 1549616134.535471
20.460000 0.605 -0.998 3.14150 0.000 -1 1549616134.546019
20.470000 0.602 -0.998 3.14110 0.000 -1 1549616134.579420
20.480000 0.599 -0.998 3.14150 0.000 -1 1549616134.612827
20.490000 0.596 -0.998 3.14150 0.000 -1 1549616134.624054
20.500000 0.593 -0.998 3.14110 0.000 -1 1549616134.646114
20.510000 0.590 -0.998 3.14150 0.000 -1 1549616134.657927
20.520000 0.587 -0.998 3.14150 0.000 -1 1549616134.692274
20.530000 0.584 -0.998 3.14150 0.000 -1 1549616134.702825
20.540000 0.581 -0.998 3.14110 0.000 -1 1549616134.735346
20.550000 0.578 -0.998 3.14150 0.000 -1 1549616134.746699
20.560000 0.575 -0.998 3.14150 0.000 -1 1549616134.769205
20.570000 0.572 -0.998 3.14110 0.000 -1 1549616134.780691
20.580000 0.569 -0.998 3.14150 0.000 -1 1549616134.813516
20.590000 0.566 -0.998 3.14150 0.000 -1 1549616134.824073
20.600000 0.563 -0.998 3.14150 0.000 -1 1549616134.857825
20.610000 0.560 -0.998 3.14110 0.000 -1 1549616134.868796
20.620000 0.557 -0.998 3.14150 0.000 -1 1549616134.891248
20.630000 0.554 -0.998 3.14150 0.000 -1 1549616134.902676
20.650000 0.548 -0.998 3.14150 0.000 -1 1549616134.947387
20.660000 0.545 -0.998 3.14150 0.000 -1 1549616134.979557
20.670000 0.542 -0.998 3.14150 0.000 -1 1549616135.011732
20.680000 0.539 -0.998 3.14110 0.000 -1 1549616135.054198
20.690000 0.536 -0.998 3.14150 0.000 -1 1549616135.064960
20.700000 0.533 -0.998 3.14150 0.000 -1 1549616135.097336
20.720000 0.527 -0.998 3.14110 0.000 -1 1549616135.131394
20.730000 0.524 -0.998 3.14150 0.000 -1 1549616135.141986
20.740000 0.521 -0.998 3.14150 0.000 -1 1549616135.174900
20.750000 0.518 -0.998 3.14110 0.000 -1 1549616135.185538
20.760000 0.515 -0.998 3.14150 0.000 -1 1549616135.218539
20.780000 0.509 -0.998 3.14150 0.000 -1 1549616135.262919
20.790000 0.506 -0.998 3.14110 0.000 -1 1549616135.262983
20.800000 0.503 -0.998 3.14150 0.000 -1 1549616135.287375
20.810000 0.500 -0.998 3.14150 0.000 -1 1549616135.298436
20.820000 0.497 -0.998 3.14110 0.000 -1 1549616135.333661
20.830000 0.494 -0.998 3.14150 0.000 -1 1549616135.345843
20.840000 0.491 -0.998 3.14150 0.000 -1 1549616135.378961
20.860000 0.485 -0.998 3.14110 0.000 -1 1549616135.412276
20.870000 0.482 -0.998 3.14150 0.000 -1 1549616135.423974
20.890000 0.476 -0.998 3.14110 0.000 -1 1549616135.457276
20.900000 0.473 -0.998 3.14150 0.000 -1 1549616135.490789
20.910000 0.470 -0.998 3.14150 0.000 -1 1549616135.511446
20.920000 0.467 -0.998 3.14150 0.000 -1 1549616135.535409
20.930000 0.464 -0.998 3.14110 0.000 -1 1549616135.546717
20.940000 0.461 -0.998 3.14150 0.000 -1 1549616135.579316
20.950000 0.458 -0.998 3.14150 0.000 -1 1549616135.616179
20.960000 0.455 -0.998 3.14110 0.000 -1 1549616135.627650
20.970000 0.452 -0.998 3.14150 0.000 -1 1549616135.627736
20.980000 0.449 -0.998 3.14150 0.000 -1 1549616135.653516
20.990000 0.446 -0.998 3.14150 0.000 -1 1549616135.664656
21.000000 0.443 -0.998 3.14110 0.000 -1 1549616135.697095
21.010000 0.440 -0.998 3.14150 0.000 -1 1549616135.707942
21.020000 0.437 -0.998 3.14150 0.000 -1 1549616135.732711
21.030000 0.434 -0.998 3.14110 0.000 -1 1549616135.743887
21.040000 0.431 -0.998 3.14150 0.000 -1 1549616135.775480
21.050000 0.428 -0.998 3.14150 0.000 -1 1549616135.811576
21.060000 0.425 -0.998 3.14150 0.000 -1 1549616135.822146
21.070000 0.422 -0.998 3.14110 0.000 -1 1549616135.855815
21.090000 0.416 -0.998 3.14150 0.000 -1 1549616135.907163
21.110000 0.410 -0.998 3.14150 0.000 -1 1549616135.941523
21.120000 0.407 -0.998 3.14150 0.000 -1 1549616135.973537
21.130000 0.404 -0.998 3.14150 0.000 -1 1549616135.985110
21.140000 0.401 -0.998 3.14110 0.000 -1 1549616136.007313
21.150000 0.398 -0.998 3.14150 0.000 -1 1549616136.017996
21.160000 0.395 -0.998 3.14150 0.000 -1 1549616136.050939
21.180000 0.389 -0.998 3.14110 0.000 -1 1549616136.095455
21.190000 0.386 -0.998 3.14150 0.000 -1 1549616136.106004
21.200000 0.383 -0.998 3.14150 0.000 -1 1549616136.128995
21.210000 0.380 -0.998 3.14110 0.000 -1 1549616136.139983
21.220000 0.377 -0.998 3.14150 0.000 -1 1549616136.173997
21.230000 0.374 -0.998 3.14150 0.000 -1 1549616136.184616
21.250000 0.368 -0.998 3.14110 0.000 -1 1549616136.229248
21.260000 0.365 -0.998 3.14150 0.000 -1 1549616136.252635
21.270000 0.362 -0.998 3.14150 0.000 -1 1549616136.263613
21.280000 0.359 -0.998 3.14110 0.000 -1 1549616136.296770
21.300000 0.353 -0.998 3.14150 0.000 -1 1549616136.329249
21.320000 0.347 -0.998 3.14110 0.000 -1 1549616136.372903
21.330000 0.344 -0.998 3.14150 0.000 -1 1549616136.384336
21.340000 0.341 -0.998 3.14150 0.000 -1 1549616136.406295
21.350000 0.338 -0.998 3.14110 0.000 -1 1549616136.417433
21.360000 0.335 -0.998 3.14150 0.000 -1 1549616136.460399
21.370000 0.332 -0.998 3.14150 0.000 -1 1549616136.493009
21.380000 0.329 -0.998 3.14150 0.000 -1 1549616136.503635
21.390000 0.326 -0.998 3.14110 0.000 -1 1549616136.536295
21.400000 0.323 -0.998 3.14150 0.000 -1 1549616136.546852
21.410000 0.320 -0.998 3.14150 0.000 -1 1549616136.569360
21.420000 0.317 -0.998 3.14110 0.000 -1 1549616136.581230
21.430000 0.314 -0.998 3.14150 0.000 -1 1549616136.615887
21.440000 0.311 -0.998 3.14150 0.000 -1 1549616136.626399
21.450000 0.308 -0.998 3.14150 0.000 -1 1549616136.659890
21.460000 0.305 -0.998 3.14110 0.000 -1 1549616136.684676
21.470000 0.302 -0.998 3.14150 0.000 -1 1549616136.695609
21.480000 0.299 -0.998 3.14150 0.000 -1 1549616136.695673
21.490000 0.296 -0.998 3.14110 0.000 -1 1549616136.731485
21.510000 0.290 -0.998 3.14150 0.000 -1 1549616136.776013
21.520000 0.287 -0.998 3.14150 0.000 -1 1549616136.808478
21.530000 0.284 -0.998 3.14110 0.000 -1 1549616136.820496
21.540000 0.281 -0.998 3.14150 0.000 -1 1549616136.820563
21.550000 0.278 -0.998 3.14150 0.000 -1 1549616136.852888
21.570000 0.272 -0.998 3.14150 0.000 -1 1549616136.891258
21.580000 0.269 -0.998 3.14150 0.000 -1 1549616136.901897
21.590000 0.266 -0.998 3.14150 0.000 -1 1549616136.934787
21.600000 0.263 -0.998 3.14110 0.000 -1 1549616136.945393
21.610000 0.260 -0.998 3.14150 0.000 -1 1549616136.977317
21.620000 0.257 -0.998 3.14150 0.000 -1 1549616137.010407
21.640000 0.251 -0.998 3.14110 0.000 -1 1549616137.021562
21.650000 0.248 -0.998 3.14150 0.000 -1 1549616137.054828
21.670000 0.242 -0.998 3.14110 0.000 -1 1549616137.087803
21.680000 0.239 -0.998 3.14150 0.000 -1 1549616137.099379
21.690000 0.236 -0.998 3.14150 0.000 -1 1549616137.133848
21.710000 0.230 -0.998 3.14110 0.000 -1 1549616137.178881
21.720000 0.227 -0.998 3.14150 0.000 -1 1549616137.178945
21.730000 0.224 -0.998 3.14150 0.000 -1 1549616137.210781
21.740000 0.221 -0.998 3.14110 0.000 -1 1549616137.221434
21.750000 0.218 -0.998 3.14150 0.000 -1 1549616137.254501
21.770000 0.212 -0.998 3.14150 0.000 -1 1549616137.286378
21.780000 0.209 -0.998 3.14110 0.000 -1 1549616137.297458
21.790000 0.206 -0.998 3.14150 0.000 -1 1549616137.330725
21.800000 0.203 -0.998 3.14150 0.000 -1 1549616137.344961
21.810000 0.200 -0.998 3.14110 0.000 -1 1549616137.376922
21.820000 0.197 -0.998 3.14150 0.000 -1 1549616137.409951
21.830000 0.194 -0.998 3.14150 0.000 -1 1549616137.442464
21.840000 0.191 -0.998 3.14150 0.000 -1 1549616137.453772
21.850000 0.188 -0.998 3.14110 0.000 -1 1549616137.464341
21.860000 0.185 -0.998 3.14150 0.000 -1 1549616137.496857
21.880000 0.179 -0.998 3.14110 0.000 -1 1549616137.531345
21.890000 0.176 -0.998 3.14150 0.000 -1 1549616137.541907
21.900000 0.173 -0.998 3.14150 0.000 -1 1549616137.574733
21.910000 0.170 -0.998 3.14150 0.000 -1 1549616137.609169
21.920000 0.167 -0.998 3.14110 0.000 -1 1549616137.621255
21.930000 0.164 -0.998 3.14150 0.000 -1 1549616137.621359
21.940000 0.161 -0.998 3.14150 0.000 -1 1549616137.655067
21.950000 0.158 -0.998 3.14110 0.000 -1 1549616137.699391
21.960000 0.155 -0.998 3.14150 0.000 -1 1549616137.710803
21.980000 0.149 -0.998 3.14150 0.000 -1 1549616137.746205
21.990000 0.146 -0.998 3.14110 0.000 -1 1549616137.779785
22.000000 0.143 -0.998 3.14150 0.000 -1 1549616137.790368
22.010000 0.140 -0.998 3.14150 0.000 -1 1549616137.815415
22.030000 0.134 -0.998 3.14150 0.000 -1 1549616137.849141
22.050000 0.128 -0.998 3.14150 0.000 -1 1549616137.898129
22.070000 0.122 -0.998 3.14150 0.000 -1 1549616137.942114
22.090000 0.117 -0.998 3.14110 0.000 -1 1549616137.987706
22.110000 0.111 -0.998 3.14150 0.000 -1 1549616138.021890
22.130000 0.106 -0.998 3.14150 0.000 -1 1549616138.055988
22.150000 0.101 -0.998 3.14150 0.000 -1 1549616138.090208
22.170000 0.096 -0.998 -3.14130 0.000 -1 1549616138.136496
22.190000 0.091 -0.998 -3.14130 0.000 -1 1549616138.169401
22.210000 0.086 -0.998 -3.14130 0.000 -1 1549616138.214335
22.230000 0.081 -0.998 3.14150 0.000 -1 1549616138.248258
22.250000 0.076 -0.998 3.14150 0.000 -1 1549616138.292886
22.270000 0.072 -0.998 3.14150 0.000 -1 1549616138.335338
22.290000 0.068 -0.998 3.14150 0.000 -1 1549616138.382760
22.310000 0.064 -0.998 3.14150 0.000 -1 1549616138.415785
22.330000 0.060 -0.998 3.14150 0.000 -1 1549616138.461107
22.350000 0.056 -0.998 3.14150 0.000 -1 1549616138.506800
22.370000 0.052 -0.998 3.14150 0.000 -1 1549616138.542928
22.390000 0.048 -0.998 3.14150 0.000 -1 1549616138.577565
22.410000 0.045 -0.998 3.14150 0.000 -1 1549616138.623781
22.430000 0.041 -0.998 3.14110 0.000 -1 1549616138.672021
22.450000 0.038 -0.998 3.14150 0.000 -1 1549616138.711649
22.470000 0.035 -0.998 3.14150 0.000 -1 1549616138.746765
22.500000 0.030 -0.998 3.14150 0.000 -1 1549616138.815981
22.530000 0.026 -0.998 3.14150 0.000 -1 1549616138.893983
22.560000 0.022 -0.998 3.14150 0.000 -1 1549616138.973602
22.590000 0.018 -0.998 3.14150 0.000 -1 1549616139.051702
22.620000 0.015 -0.998 -3.14130 0.000 -1 1549616139.128092
22.650000 0.012 -0.998 -3.14130 0.000 -1 1549616139.176984
22.690000 0.009 -0.998 3.14110 0.000 -1 1549616139.252932
22.730000 0.005 -0.998 3.14070 0.000 -1 1549616139.332728
22.790000 0.002 -0.998 3.14150 0.000 -1 1549616139.459890
22.810000 0.002 -0.998 3.13170 0.000 -1 1549616139.492928
22.830000 0.002 -0.998 3.12100 0.000 -1 1549616139.540122
22.840000 0.002 -0.998 3.11470 0.000 -1 1549616139.550762
22.850000 0.002 -0.998 3.10880 0.000 -1 1549616139.573584
22.860000 0.002 -0.998 3.10250 0.000 -1 1549616139.584611
22.870000 0.002 -0.998 3.09580 0.000 -1 1549616139.607914
22.880000 0.002 -0.998 3.08870 0.000 -1 1549616139.619867
22.890000 0.002 -0.998 3.08200 0.000 -1 1549616139.656672
22.900000 0.002 -0.998 3.07490 0.000 -1 1549616139.667287
22.910000 0.002 -0.998 3.06700 0.000 -1 1549616139.699674
22.920000 0.002 -0.998 3.05960 0.000 -1 1549616139.721972
22.930000 0.002 -0.998 3.05170 0.000 -1 1549616139.732577
22.940000 0.002 -0.998 3.04340 0.000 -1 1549616139.743317
22.950000 0.002 -0.998 3.03470 0.000 -1 1549616139.766029
22.960000 0.002 -0.998 3.02650 0.000 -1 1549616139.777945
22.970000 0.002 -0.998 3.01740 0.000 -1 1549616139.809771
22.980000 0.002 -0.998 3.00790 0.000 -1 1549616139.821422
22.990000 0.002 -0.998 2.99890 0.000 -1 1549616139.854791
23.000000 0.002 -0.998 2.98940 0.000 -1 1549616139.865301
23.010000 0.002 -0.998 2.97960 0.000 -1 1549616139.887670
23.020000 0.002 -0.998 2.96930 0.000 -1 1549616139.898291
23.030000 0.002 -0.998 2.95950 0.000 -1 1549616139.898357
23.040000 0.002 -0.998 2.94880 0.000 -1 1549616139.931955
23.050000 0.002 -0.998 2.93780 0.000 -1 1549616139.942697
23.060000 0.002 -0.998 2.92720 0.000 -1 1549616139.975824
23.070000 0.002 -0.998 2.91570 0.000 -1 1549616139.986498
23.080000 0.002 -0.998 2.90390 0.000 -1 1549616140.007575
23.090000 0.002 -0.998 2.89250 0.000 -1 1549616140.019082
23.100000 0.002 -0.998 2.88110 0.000 -1 1549616140.052982
23.110000 0.002 -0.998 2.86880 0.000 -1 1549616140.064297
23.120000 0.002 -0.998 2.85660 0.000 -1 1549616140.086236
23.130000 0.002 -0.998 2.84400 0.000 -1 1549616140.097869
23.140000 0.002 -0.998 2.83100 0.000 -1 1549616140.097965
23.150000 0.002 -0.998 2.81800 0.000 -1 1549616140.130383
23.160000 0.002 -0.998 2.80500 0.000 -1 1549616140.174764
23.170000 0.002 -0.998 2.79120 0.000 -1 1549616140.186513
23.180000 0.002 -0.998 2.77700 0.000 -1 1549616140.220793
23.190000 0.002 -0.998 2.76320 0.000 -1 1549616140.242673
23.200000 0.002 -0.998 2.74940 0.000 -1 1549616140.253666
23.210000 0.002 -0.998 2.73490 0.000 -1 1549616140.264191
23.220000 0.002 -0.998 2.72030 0.000 -1 1549616140.286793
23.230000 0.002 -0.998 2.70570 0.000 -1 1549616140.298435
23.240000 0.002 -0.998 2.69030 0.000 -1 1549616140.330422
23.250000 0.002 -0.998 2.67500 0.000 -1 1549616140.341464
23.260000 0.002 -0.998 2.65960 0.000 -1 1549616140.376770
23.270000 0.002 -0.998 2.64350 0.000 -1 1549616140.387884
23.280000 0.002 -0.998 2.62730 0.000 -1 1549616140.410208
23.290000 0.002 -0.998 2.61110 0.000 -1 1549616140.421876
23.300000 0.002 -0.998 2.59500 0.000 -1 1549616140.421993
23.310000 0.002 -0.998 2.57800 0.000 -1 1549616140.465050
23.320000 0.002 -0.998 2.56110 0.000 -1 1549616140.498805
23.330000 0.002 -0.998 2.54420 0.000 -1 1549616140.509676
23.340000 0.002 -0.998 2.52640 0.000 -1 1549616140.532374
23.350000 0.002 -0.998 2.50870 0.000 -1 1549616140.543443
23.360000 0.002 -0.998 2.49100 0.000 -1 1549616140.577627
23.370000 0.002 -0.998 2.47240 0.000 -1 1549616140.588810
23.380000 0.002 -0.998 2.45390 0.000 -1 1549616140.611295
23.390000 0.002 -0.998 2.43580 0.000 -1 1549616140.624627
23.400000 0.002 -0.998 2.41730 0.000 -1 1549616140.658055
23.410000 0.002 -0.998 2.39800 0.000 -1 1549616140.668928
23.420000 0.002 -0.998 2.37870 0.000 -1 1549616140.692450
23.430000 0.002 -0.998 2.35940 0.000 -1 1549616140.728623
23.440000 0.002 -0.998 2.33960 0.000 -1 1549616140.739670
23.450000 0.002 -0.998 2.31960 0.000 -1 1549616140.739736
23.460000 0.002 -0.998 2.29950 0.000 -1 1549616140.772293
23.470000 0.002 -0.998 2.27860 0.000 -1 1549616140.782913
23.480000 0.002 -0.998 2.25810 0.000 -1 1549616140.816938
23.490000 0.002 -0.998 2.23720 0.000 -1 1549616140.828880
23.500000 0.002 -0.998 2.21630 0.000 -1 1549616140.850781
23.510000 0.002 -0.998 2.19500 0.000 -1 1549616140.863477
23.520000 0.002 -0.998 2.17340 0.000 -1 1549616140.898707
23.530000 0.002 -0.998 2.15170 0.000 -1 1549616140.909274
23.540000 0.002 -0.998 2.12960 0.000 -1 1549616140.932634
23.550000 0.002 -0.998 2.10720 0.000 -1 1549616140.966980
23.560000 0.002 -0.998 2.08510 0.000 -1 1549616140.978343
23.570000 0.002 -0.998 2.06190 0.000 -1 1549616140.978411
23.580000 0.002 -0.998 2.03860 0.000 -1 1549616141.012980
23.590000 0.002 -0.998 2.01650 0.000 -1 1549616141.025543
23.600000 0.002 -0.998 1.99490 0.000 -1 1549616141.059468
23.610000 0.002 -0.998 1.97320 0.000 -1 1549616141.091810
23.620000 0.002 -0.998 1.95270 0.000 -1 1549616141.103272
23.630000 0.002 -0.998 1.93260 0.000 -1 1549616141.135522
23.640000 0.002 -0.998 1.91250 0.000 -1 1549616141.146247
23.650000 0.002 -0.998 1.89320 0.000 -1 1549616141.167936
23.660000 0.002 -0.998 1.87470 0.000 -1 1549616141.178789
23.670000 0.002 -0.998 1.85660 0.000 -1 1549616141.210816
23.680000 0.002 -0.998 1.83880 0.000 -1 1549616141.222015
23.690000 0.002 -0.998 1.82190 0.000 -1 1549616141.256158
23.700000 0.002 -0.998 1.80490 0.000 -1 1549616141.289525
23.710000 0.002 -0.998 1.78880 0.000 -1 1549616141.300734
23.720000 0.002 -0.998 1.77340 0.000 -1 1549616141.300799
23.730000 0.002 -0.998 1.75800 0.000 -1 1549616141.333680
23.740000 0.002 -0.998 1.74350 0.000 -1 1549616141.344969
23.750000 0.002 -0.998 1.72970 0.000 -1 1549616141.376560
23.760000 0.002 -0.998 1.71550 0.000 -1 1549616141.410134
23.770000 0.002 -0.998 1.70250 0.000 -1 1549616141.420687
23.780000 0.002 -0.998 1.69030 0.000 -1 1549616141.420761
23.790000 0.002 -0.998 1.67810 0.000 -1 1549616141.453853
23.800000 0.002 -0.998 1.66660 0.000 -1 1549616141.469121
23.810000 0.002 -0.998 1.65560 0.000 -1 1549616141.501349
23.820000 0.002 -0.998 1.64500 0.000 -1 1549616141.534316
23.830000 0.002 -0.998 1.63470 0.000 -1 1549616141.545055
23.840000 0.002 -0.998 1.62570 0.000 -1 1549616141.567408
23.850000 0.002 -0.998 1.61660 0.000 -1 1549616141.578219
23.860000 0.002 -0.998 1.60790 0.000 -1 1549616141.610514
23.870000 0.002 -0.998 1.60040 0.000 -1 1549616141.644641
23.880000 0.002 -0.998 1.59330 0.000 -1 1549616141.657373
23.890000 0.002 -0.998 1.58700 0.000 -1 1549616141.657444
23.900000 0.002 -0.998 1.58110 0.000 -1 1549616141.690812
23.910000 0.002 -0.998 1.57560 0.000 -1 1549616141.702110
23.930000 0.002 -0.998 1.56810 0.000 -1 1549616141.767607
24.100000 0.002 -0.995 1.56970 0.000 -1 1549616142.129807
24.160000 0.002 -0.992 1.57050 0.000 -1 1549616142.256849
24.210000 0.002 -0.988 1.57050 0.000 -1 1549616142.345581
24.250000 0.002 -0.984 1.57090 0.000 -1 1549616142.423806
24.290000 0.002 -0.980 1.57090 0.000 -1 1549616142.500971
24.320000 0.002 -0.977 1.57090 0.000 -1 1549616142.568893
24.350000 0.002 -0.974 1.57130 0.000 -1 1549616142.625956
24.380000 0.002 -0.970 1.57130 0.000 -1 1549616142.695378
24.410000 0.002 -0.966 1.57130 0.000 -1 1549616142.739861
24.440000 0.002 -0.961 1.57130 0.000 -1 1549616142.814240
24.460000 0.002 -0.958 1.57130 0.000 -1 1549616142.859452
24.480000 0.002 -0.955 1.57090 0.000 -1 1549616142.893061
24.500000 0.002 -0.952 1.57090 0.000 -1 1549616142.936611
24.520000 0.002 -0.948 1.57090 0.000 -1 1549616142.981449
24.540000 0.002 -0.945 1.57130 0.000 -1 1549616143.023904
24.560000 0.002 -0.941 1.57130 0.000 -1 1549616143.068002
24.580000 0.002 -0.937 1.57130 0.000 -1 1549616143.100921
24.600000 0.002 -0.933 1.57130 0.000 -1 1549616143.134806
24.620000 0.002 -0.929 1.57090 0.000 -1 1549616143.177261
24.640000 0.002 -0.925 1.57090 0.000 -1 1549616143.223563
24.660000 0.002 -0.921 1.57130 0.000 -1 1549616143.257775
24.680000 0.002 -0.916 1.57130 0.000 -1 1549616143.291768
24.700000 0.002 -0.912 1.57130 0.000 -1 1549616143.336943
24.720000 0.002 -0.907 1.57130 0.000 -1 1549616143.372255
24.740000 0.002 -0.902 1.57090 0.000 -1 1549616143.416169
24.760000 0.002 -0.897 1.57090 0.000 -1 1549616143.449344
24.780000 0.002 -0.892 1.57090 0.000 -1 1549616143.495433
24.800000 0.002 -0.887 1.57050 0.000 -1 1549616143.529670
24.820000 0.002 -0.882 1.57050 0.000 -1 1549616143.574958
24.840000 0.002 -0.877 1.57050 0.000 -1 1549616143.618118
24.860000 0.002 -0.871 1.57090 0.000 -1 1549616143.664059
24.880000 0.002 -0.866 1.57130 0.000 -1 1549616143.687412
24.900000 0.002 -0.860 1.57090 0.000 -1 1549616143.732203
24.920000 0.002 -0.854 1.57090 0.000 -1 1549616143.777274
24.930000 0.002 -0.851 1.57090 0.000 -1 1549616143.788758
24.950000 0.002 -0.845 1.57130 0.000 -1 1549616143.848808
24.960000 0.002 -0.842 1.57090 0.000 -1 1549616143.859904
24.970000 0.002 -0.839 1.57090 0.000 -1 1549616143.859978
24.980000 0.002 -0.836 1.57130 0.000 -1 1549616143.892892
24.990000 0.002 -0.833 1.57090 0.000 -1 1549616143.903716
25.000000 0.002 -0.830 1.57090 0.000 -1 1549616143.938023
25.010000 0.002 -0.827 1.57130 0.000 -1 1549616143.948553
25.020000 0.002 -0.824 1.57130 0.000 -1 1549616143.971834
25.030000 0.002 -0.821 1.57090 0.000 -1 1549616143.984776
25.040000 0.002 -0.818 1.57090 0.000 -1 1549616144.017338
25.050000 0.002 -0.815 1.57130 0.000 -1 1549616144.029879
25.060000 0.002 -0.812 1.57090 0.000 -1 1549616144.053449
25.070000 0.002 -0.809 1.57090 0.000 -1 1549616144.086217
25.080000 0.002 -0.806 1.57130 0.000 -1 1549616144.096861
25.090000 0.002 -0.803 1.57130 0.000 -1 1549616144.096929
25.100000 0.002 -0.800 1.57090 0.000 -1 1549616144.131668
25.110000 0.002 -0.797 1.57090 0.000 -1 1549616144.142919
25.120000 0.002 -0.794 1.57130 0.000 -1 1549616144.175949
25.130000 0.002 -0.791 1.57090 0.000 -1 1549616144.210023
25.140000 0.002 -0.788 1.57090 0.000 -1 1549616144.221122
25.150000 0.002 -0.785 1.57130 0.000 -1 1549616144.221185
25.160000 0.002 -0.782 1.57130 0.000 -1 1549616144.256028
25.170000 0.002 -0.779 1.57090 0.000 -1 1549616144.267107
25.180000 0.002 -0.776 1.57090 0.000 -1 1549616144.299953
25.190000 0.002 -0.773 1.57130 0.000 -1 1549616144.335634
25.200000 0.002 -0.770 1.57090 0.000 -1 1549616144.346231
25.210000 0.002 -0.767 1.57090 0.000 -1 1549616144.346296
25.220000 0.002 -0.764 1.57090 0.000 -1 1549616144.378677
25.230000 0.002 -0.761 1.57130 0.000 -1 1549616144.411985
25.240000 0.002 -0.758 1.57090 0.000 -1 1549616144.423263
25.250000 0.002 -0.755 1.57090 0.000 -1 1549616144.423333
25.260000 0.002 -0.752 1.57130 0.000 -1 1549616144.455819
25.270000 0.002 -0.749 1.57090 0.000 -1 1549616144.467573
25.280000 0.002 -0.746 1.57090 0.000 -1 1549616144.488935
25.290000 0.002 -0.743 1.57090 0.000 -1 1549616144.501796
25.300000 0.002 -0.740 1.57130 0.000 -1 1549616144.536715
25.310000 0.002 -0.737 1.57090 0.000 -1 1549616144.569120
25.320000 0.002 -0.734 1.57090 0.000 -1 1549616144.580827
25.330000 0.002 -0.731 1.57130 0.000 -1 1549616144.614766
25.340000 0.002 -0.728 1.57090 0.000 -1 1549616144.626692
25.350000 0.002 -0.725 1.57090 0.000 -1 1549616144.660479
25.370000 0.002 -0.719 1.57130 0.000 -1 1549616144.726058
25.380000 0.002 -0.716 1.57090 0.000 -1 1549616144.737315
25.390000 0.002 -0.713 1.57090 0.000 -1 1549616144.737381
25.400000 0.002 -0.710 1.57130 0.000 -1 1549616144.772402
25.410000 0.002 -0.707 1.57130 0.000 -1 1549616144.783999
25.420000 0.002 -0.704 1.57090 0.000 -1 1549616144.819105
25.430000 0.002 -0.701 1.57090 0.000 -1 1549616144.829840
25.440000 0.002 -0.698 1.57130 0.000 -1 1549616144.852817
25.450000 0.002 -0.695 1.57090 0.000 -1 1549616144.863467
25.460000 0.002 -0.692 1.57090 0.000 -1 1549616144.895990
25.470000 0.002 -0.689 1.57130 0.000 -1 1549616144.906532
25.480000 0.002 -0.686 1.57130 0.000 -1 1549616144.939758
25.490000 0.002 -0.683 1.57090 0.000 -1 1549616144.971368
25.500000 0.002 -0.680 1.57090 0.000 -1 1549616144.983595
25.510000 0.002 -0.677 1.57130 0.000 -1 1549616144.983673
25.520000 0.002 -0.674 1.57090 0.000 -1 1549616145.015918
25.530000 0.002 -0.671 1.57090 0.000 -1 1549616145.027100
25.540000 0.002 -0.668 1.57130 0.000 -1 1549616145.049370
25.550000 0.002 -0.665 1.57130 0.000 -1 1549616145.059905
25.560000 0.002 -0.662 1.57090 0.000 -1 1549616145.093770
25.570000 0.002 -0.659 1.57090 0.000 -1 1549616145.106476
25.580000 0.002 -0.656 1.57130 0.000 -1 1549616145.138730
25.590000 0.002 -0.653 1.57090 0.000 -1 1549616145.172188
25.600000 0.002 -0.650 1.57090 0.000 -1 1549616145.183575
25.610000 0.002 -0.647 1.57130 0.000 -1 1549616145.215747
25.620000 0.002 -0.644 1.57130 0.000 -1 1549616145.228058
25.630000 0.002 -0.641 1.57090 0.000 -1 1549616145.249868
25.640000 0.002 -0.638 1.57090 0.000 -1 1549616145.261462
25.650000 0.002 -0.635 1.57130 0.000 -1 1549616145.294733
25.660000 0.002 -0.632 1.57090 0.000 -1 1549616145.327661
25.670000 0.002 -0.629 1.57090 0.000 -1 1549616145.338251
25.680000 0.002 -0.626 1.57090 0.000 -1 1549616145.338315
25.690000 0.002 -0.623 1.57130 0.000 -1 1549616145.370727
25.700000 0.002 -0.620 1.57090 0.000 -1 1549616145.415359
25.710000 0.002 -0.617 1.57090 0.000 -1 1549616145.438689
25.720000 0.002 -0.614 1.57130 0.000 -1 1549616145.460427
25.730000 0.002 -0.611 1.57090 0.000 -1 1549616145.492808
25.740000 0.002 -0.608 1.57090 0.000 -1 1549616145.527735
25.750000 0.002 -0.605 1.57090 0.000 -1 1549616145.538802
25.760000 0.002 -0.602 1.57130 0.000 -1 1549616145.570853
25.780000 0.002 -0.596 1.57090 0.000 -1 1549616145.615205
25.790000 0.002 -0.593 1.57130 0.000 -1 1549616145.626219
25.800000 0.002 -0.590 1.57090 0.000 -1 1549616145.666132
25.810000 0.002 -0.587 1.57090 0.000 -1 1549616145.688057
25.820000 0.002 -0.584 1.57090 0.000 -1 1549616145.698793
25.830000 0.002 -0.581 1.57130 0.000 -1 1549616145.698857
25.840000 0.002 -0.578 1.57090 0.000 -1 1549616145.731966
25.850000 0.002 -0.575 1.57090 0.000 -1 1549616145.774097
25.860000 0.002 -0.572 1.57130 0.000 -1 1549616145.785074
25.870000 0.002 -0.569 1.57130 0.000 -1 1549616145.807699
25.880000 0.002 -0.566 1.57090 0.000 -1 1549616145.818765
25.890000 0.002 -0.563 1.57090 0.000 -1 1549616145.851803
25.900000 0.002 -0.560 1.57130 0.000 -1 1549616145.863732
25.910000 0.002 -0.557 1.57090 0.000 -1 1549616145.897944
25.920000 0.002 -0.554 1.57090 0.000 -1 1549616145.909111
25.930000 0.002 -0.551 1.57130 0.000 -1 1549616145.930820
25.940000 0.002 -0.548 1.57130 0.000 -1 1549616145.942068
25.950000 0.002 -0.545 1.57090 0.000 -1 1549616145.975580
25.960000 0.002 -0.542 1.57090 0.000 -1 1549616145.986499
25.970000 0.002 -0.539 1.57130 0.000 -1 1549616146.020457
25.980000 0.002 -0.536 1.57090 0.000 -1 1549616146.031106
25.990000 0.002 -0.533 1.57090 0.000 -1 1549616146.063855
26.000000 0.002 -0.530 1.57130 0.000 -1 1549616146.097132
26.010000 0.002 -0.527 1.57130 0.000 -1 1549616146.107643
26.020000 0.002 -0.524 1.57090 0.000 -1 1549616146.129779
26.030000 0.002 -0.521 1.57090 0.000 -1 1549616146.141446
26.040000 0.002 -0.518 1.57130 0.000 -1 1549616146.174752
26.050000 0.002 -0.515 1.57090 0.000 -1 1549616146.185280
26.060000 0.002 -0.512 1.57090 0.000 -1 1549616146.218059
26.070000 0.002 -0.509 1.57130 0.000 -1 1549616146.229043
26.080000 0.002 -0.506 1.57130 0.000 -1 1549616146.251486
26.090000 0.002 -0.503 1.57090 0.000 -1 1549616146.262699
26.100000 0.002 -0.500 1.57090 0.000 -1 1549616146.295409
26.120000 0.002 -0.494 1.57090 0.000 -1 1549616146.332778
26.130000 0.002 -0.491 1.57090 0.000 -1 1549616146.378494
26.140000 0.002 -0.488 1.57090 0.000 -1 1549616146.389980
26.150000 0.002 -0.485 1.57130 0.000 -1 1549616146.412438
26.160000 0.002 -0.482 1.57090 0.000 -1 1549616146.423804
26.170000 0.002 -0.479 1.57090 0.000 -1 1549616146.456367
26.180000 0.002 -0.476 1.57130 0.000 -1 1549616146.470550
26.190000 0.002 -0.473 1.57090 0.000 -1 1549616146.493616
26.200000 0.002 -0.470 1.57090 0.000 -1 1549616146.504171
26.210000 0.002 -0.467 1.57090 0.000 -1 1549616146.536702
26.220000 0.002 -0.464 1.57130 0.000 -1 1549616146.570479
26.230000 0.002 -0.461 1.57090 0.000 -1 1549616146.581730
26.240000 0.002 -0.458 1.57090 0.000 -1 1549616146.615372
26.250000 0.002 -0.455 1.57130 0.000 -1 1549616146.651296
26.260000 0.002 -0.452 1.57090 0.000 -1 1549616146.662785
26.270000 0.002 -0.449 1.57090 0.000 -1 1549616146.662855
26.280000 0.002 -0.446 1.57090 0.000 -1 1549616146.697647
26.300000 0.002 -0.440 1.57090 0.000 -1 1549616146.732876
26.310000 0.002 -0.437 1.57090 0.000 -1 1549616146.767536
26.320000 0.002 -0.434 1.57130 0.000 -1 1549616146.779329
26.330000 0.002 -0.431 1.57130 0.000 -1 1549616146.811317
26.340000 0.002 -0.428 1.57090 0.000 -1 1549616146.822286
26.350000 0.002 -0.425 1.57090 0.000 -1 1549616146.855392
26.360000 0.002 -0.422 1.57130 0.000 -1 1549616146.889828
26.370000 0.002 -0.419 1.57090 0.000 -1 1549616146.901054
26.380000 0.002 -0.416 1.57090 0.000 -1 1549616146.901117
26.390000 0.002 -0.413 1.57130 0.000 -1 1549616146.933697
26.400000 0.002 -0.410 1.57130 0.000 -1 1549616146.967376
26.410000 0.002 -0.407 1.57090 0.000 -1 1549616146.978936
26.420000 0.002 -0.404 1.57090 0.000 -1 1549616146.979005
26.430000 0.002 -0.401 1.57130 0.000 -1 1549616147.011743
26.440000 0.002 -0.398 1.57090 0.000 -1 1549616147.022523
26.450000 0.002 -0.395 1.57090 0.000 -1 1549616147.054832
26.460000 0.002 -0.392 1.57130 0.000 -1 1549616147.066681
26.470000 0.002 -0.389 1.57130 0.000 -1 1549616147.089841
26.480000 0.002 -0.386 1.57090 0.000 -1 1549616147.123977
26.490000 0.002 -0.383 1.57090 0.000 -1 1549616147.134795
26.510000 0.002 -0.377 1.57090 0.000 -1 1549616147.179098
26.520000 0.002 -0.374 1.57090 0.000 -1 1549616147.202341
26.530000 0.002 -0.371 1.57130 0.000 -1 1549616147.213563
26.540000 0.002 -0.368 1.57130 0.000 -1 1549616147.233484
26.550000 0.002 -0.365 1.57090 0.000 -1 1549616147.255780
26.560000 0.002 -0.362 1.57090 0.000 -1 1549616147.290345
26.570000 0.002 -0.359 1.57130 0.000 -1 1549616147.300924
26.580000 0.002 -0.356 1.57090 0.000 -1 1549616147.300988
26.590000 0.002 -0.353 1.57090 0.000 -1 1549616147.333641
26.600000 0.002 -0.350 1.57090 0.000 -1 1549616147.345015
26.610000 0.002 -0.347 1.57130 0.000 -1 1549616147.377364
26.620000 0.002 -0.344 1.57090 0.000 -1 1549616147.409924
26.630000 0.002 -0.341 1.57090 0.000 -1 1549616147.454404
26.640000 0.002 -0.338 1.57130 0.000 -1 1549616147.466179
26.650000 0.002 -0.335 1.57090 0.000 -1 1549616147.498496
26.660000 0.002 -0.332 1.57090 0.000 -1 1549616147.530771
26.670000 0.002 -0.329 1.57090 0.000 -1 1549616147.542137
26.680000 0.002 -0.326 1.57130 0.000 -1 1549616147.542201
26.690000 0.002 -0.323 1.57090 0.000 -1 1549616147.577124
26.700000 0.002 -0.320 1.57090 0.000 -1 1549616147.588443
26.720000 0.002 -0.314 1.57090 0.000 -1 1549616147.644040
26.730000 0.002 -0.311 1.57090 0.000 -1 1549616147.655454
26.740000 0.002 -0.308 1.57090 0.000 -1 1549616147.666308
26.750000 0.002 -0.305 1.57130 0.000 -1 1549616147.698719
26.760000 0.002 -0.302 1.57090 0.000 -1 1549616147.709514
26.770000 0.002 -0.299 1.57090 0.000 -1 1549616147.732212
26.780000 0.002 -0.296 1.57130 0.000 -1 1549616147.769303
26.790000 0.002 -0.293 1.57130 0.000 -1 1549616147.779958
26.800000 0.002 -0.290 1.57090 0.000 -1 1549616147.780030
26.810000 0.002 -0.287 1.57090 0.000 -1 1549616147.812930
26.820000 0.002 -0.284 1.57130 0.000 -1 1549616147.823537
26.830000 0.002 -0.281 1.57090 0.000 -1 1549616147.856514
26.840000 0.002 -0.278 1.57090 0.000 -1 1549616147.867532
26.850000 0.002 -0.275 1.57130 0.000 -1 1549616147.899683
26.860000 0.002 -0.272 1.57130 0.000 -1 1549616147.934356
26.870000 0.002 -0.269 1.57090 0.000 -1 1549616147.946608
26.880000 0.002 -0.266 1.57090 0.000 -1 1549616147.967644
26.890000 0.002 -0.263 1.57130 0.000 -1 1549616147.979346
26.900000 0.002 -0.260 1.57090 0.000 -1 1549616148.010970
26.910000 0.002 -0.257 1.57090 0.000 -1 1549616148.022118
26.930000 0.002 -0.251 1.57130 0.000 -1 1549616148.091243
26.940000 0.002 -0.248 1.57090 0.000 -1 1549616148.102280
26.950000 0.002 -0.245 1.57090 0.000 -1 1549616148.135966
26.960000 0.002 -0.242 1.57130 0.000 -1 1549616148.169132
26.980000 0.002 -0.236 1.57090 0.000 -1 1549616148.180167
26.990000 0.002 -0.233 1.57130 0.000 -1 1549616148.214340
27.000000 0.002 -0.230 1.57130 0.000 -1 1549616148.225045
27.010000 0.002 -0.227 1.57090 0.000 -1 1549616148.257764
27.020000 0.002 -0.224 1.57090 0.000 -1 1549616148.269764
27.030000 0.002 -0.221 1.57130 0.000 -1 1549616148.291776
27.040000 0.002 -0.218 1.57090 0.000 -1 1549616148.302763
27.050000 0.002 -0.215 1.57090 0.000 -1 1549616148.335640
27.060000 0.002 -0.212 1.57090 0.000 -1 1549616148.369042
27.080000 0.002 -0.206 1.57090 0.000 -1 1549616148.413422
27.090000 0.002 -0.203 1.57090 0.000 -1 1549616148.449031
27.100000 0.002 -0.200 1.57130 0.000 -1 1549616148.459671
27.110000 0.002 -0.197 1.57090 0.000 -1 1549616148.494716
27.120000 0.002 -0.194 1.57090 0.000 -1 1549616148.528654
27.130000 0.002 -0.191 1.57090 0.000 -1 1549616148.539325
27.140000 0.002 -0.188 1.57130 0.000 -1 1549616148.571623
27.150000 0.002 -0.185 1.57090 0.000 -1 1549616148.582488
27.160000 0.002 -0.182 1.57090 0.000 -1 1549616148.615773
27.170000 0.002 -0.179 1.57130 0.000 -1 1549616148.627231
27.190000 0.002 -0.173 1.57090 0.000 -1 1549616148.662826
27.200000 0.002 -0.170 1.57090 0.000 -1 1549616148.695737
27.210000 0.002 -0.167 1.57130 0.000 -1 1549616148.706764
27.220000 0.002 -0.164 1.57090 0.000 -1 1549616148.739994
27.230000 0.002 -0.161 1.57090 0.000 -1 1549616148.767028
27.240000 0.002 -0.158 1.57130 0.000 -1 1549616148.778225
27.250000 0.002 -0.155 1.57130 0.000 -1 1549616148.792048
27.260000 0.002 -0.152 1.57090 0.000 -1 1549616148.814861
27.270000 0.002 -0.149 1.57090 0.000 -1 1549616148.827305
27.290000 0.002 -0.143 1.57090 0.000 -1 1549616148.895722
27.300000 0.002 -0.140 1.57090 0.000 -1 1549616148.906787
27.310000 0.002 -0.137 1.57130 0.000 -1 1549616148.929996
27.320000 0.002 -0.134 1.57130 0.000 -1 1549616148.941609
27.340000 0.002 -0.129 1.57090 0.000 -1 1549616148.984177
27.360000 0.002 -0.123 1.57090 0.000 -1 1549616149.027565
27.380000 0.002 -0.117 1.57130 0.000 -1 1549616149.061277
27.400000 0.002 -0.112 1.57090 0.000 -1 1549616149.138300
27.420000 0.002 -0.106 1.57090 0.000 -1 1549616149.183814
27.440000 0.002 -0.101 1.57050 0.000 -1 1549616149.215874
27.460000 0.002 -0.096 1.57050 0.000 -1 1549616149.248743
27.480000 0.002 -0.091 1.57050 0.000 -1 1549616149.293525
27.500000 0.002 -0.086 1.57090 0.000 -1 1549616149.337868
27.520000 0.002 -0.082 1.57090 0.000 -1 1549616149.374163
27.540000 0.002 -0.077 1.57090 0.000 -1 1549616149.421934
27.560000 0.002 -0.073 1.57090 0.000 -1 1549616149.487844
27.580000 0.002 -0.068 1.57010 0.000 -1 1549616149.531709
27.600000 0.002 -0.064 1.57010 0.000 -1 1549616149.577422
27.620000 0.002 -0.060 1.57010 0.000 -1 1549616149.620722
27.640000 0.002 -0.056 1.57010 0.000 -1 1549616149.666064
27.660000 0.002 -0.052 1.57010 0.000 -1 1549616149.713207
27.680000 0.002 -0.049 1.57010 0.000 -1 1549616149.747499
27.700000 0.002 -0.045 1.57050 0.000 -1 1549616149.781418
27.720000 0.002 -0.042 1.57050 0.000 -1 1549616149.824837
27.740000 0.002 -0.038 1.57050 0.000 -1 1549616149.869016
27.760000 0.002 -0.035 1.57010 0.000 -1 1549616149.902883
27.780000 0.002 -0.032 1.57050 0.000 -1 1549616149.967762
27.810000 0.002 -0.028 1.57090 0.000 -1 1549616150.012649
27.840000 0.002 -0.024 1.57090 0.000 -1 1549616150.069354
27.870000 0.002 -0.020 1.57090 0.000 -1 1549616150.136072
27.900000 0.002 -0.016 1.57130 0.000 -1 1549616150.179441
27.930000 0.002 -0.013 1.57090 0.000 -1 1549616150.260321
27.970000 0.002 -0.009 1.57090 0.000 -1 1549616150.328847
28.010000 0.002 -0.006 1.57090 0.000 -1 1549616150.407912
28.060000 0.002 -0.003 1.57050 0.000 -1 1549616150.529902
28.100000 0.002 -0.002 1.56100 0.000 -1 1549616150.607809
28.110000 0.002 -0.002 1.55550 0.000 -1 1549616150.618338
28.120000 0.002 -0.002 1.55000 0.000 -1 1549616150.650602
28.130000 0.002 -0.002 1.54410 0.000 -1 1549616150.666542
28.140000 0.002 -0.002 1.53820 0.000 -1 1549616150.688277
28.150000 0.002 -0.002 1.53190 0.000 -1 1549616150.698820
28.160000 0.002 -0.002 1.52480 0.000 -1 1549616150.731258
28.170000 0.002 -0.002 1.51770 0.000 -1 1549616150.776866
28.180000 0.002 -0.002 1.51140 0.000 -1 1549616150.788080
28.190000 0.002 -0.002 1.50430 0.000 -1 1549616150.810732
28.200000 0.002 -0.002 1.49640 0.000 -1 1549616150.822728
28.210000 0.002 -0.002 1.48850 0.000 -1 1549616150.855438
28.220000 0.002 -0.002 1.48100 0.000 -1 1549616150.867348
28.230000 0.002 -0.002 1.47280 0.000 -1 1549616150.888579
28.240000 0.002 -0.002 1.46410 0.000 -1 1549616150.900997
28.250000 0.002 -0.002 1.45540 0.000 -1 1549616150.934124
28.260000 0.002 -0.002 1.44680 0.000 -1 1549616150.944897
28.270000 0.002 -0.002 1.43730 0.000 -1 1549616150.967206
28.280000 0.002 -0.002 1.42780 0.000 -1 1549616150.978713
28.290000 0.002 -0.002 1.41840 0.000 -1 1549616151.011487
28.300000 0.002 -0.002 1.40890 0.000 -1 1549616151.044064
28.310000 0.002 -0.002 1.39870 0.000 -1 1549616151.055749
28.320000 0.002 -0.002 1.38840 0.000 -1 1549616151.055813
28.330000 0.002 -0.002 1.37820 0.000 -1 1549616151.089082
28.340000 0.002 -0.002 1.36720 0.000 -1 1549616151.099876
28.350000 0.002 -0.002 1.35610 0.000 -1 1549616151.132519
28.360000 0.002 -0.002 1.34510 0.000 -1 1549616151.143686
28.370000 0.002 -0.002 1.33330 0.000 -1 1549616151.165697
28.380000 0.002 -0.002 1.32180 0.000 -1 1549616151.176753
28.390000 0.002 -0.002 1.31040 0.000 -1 1549616151.214767
28.400000 0.002 -0.002 1.29780 0.000 -1 1549616151.226791
28.410000 0.002 -0.002 1.28600 0.000 -1 1549616151.260247
28.420000 0.002 -0.002 1.27340 0.000 -1 1549616151.297804
28.430000 0.002 -0.002 1.26000 0.000 -1 1549616151.308990
28.440000 0.002 -0.002 1.24740 0.000 -1 1549616151.332010
28.450000 0.002 -0.002 1.23400 0.000 -1 1549616151.343304
28.460000 0.002 -0.002 1.22060 0.000 -1 1549616151.377805
28.470000 0.002 -0.002 1.20640 0.000 -1 1549616151.411382
28.480000 0.002 -0.002 1.19260 0.000 -1 1549616151.423341
28.490000 0.002 -0.002 1.17880 0.000 -1 1549616151.423404
28.500000 0.002 -0.002 1.16380 0.000 -1 1549616151.460768
28.510000 0.002 -0.002 1.14970 0.000 -1 1549616151.493842
28.520000 0.002 -0.002 1.13470 0.000 -1 1549616151.504590
28.530000 0.002 -0.002 1.11970 0.000 -1 1549616151.538100
28.540000 0.002 -0.002 1.10390 0.000 -1 1549616151.570794
28.550000 0.002 -0.002 1.08900 0.000 -1 1549616151.614837
28.560000 0.002 -0.002 1.07240 0.000 -1 1549616151.625442
28.570000 0.002 -0.002 1.05670 0.000 -1 1549616151.625498
28.580000 0.002 -0.002 1.04010 0.000 -1 1549616151.659278
28.590000 0.002 -0.002 1.02430 0.000 -1 1549616151.693904
28.600000 0.002 -0.002 1.00700 0.000 -1 1549616151.704953
28.610000 0.002 -0.002 0.99050 0.000 -1 1549616151.705015
28.620000 0.002 -0.002 0.97310 0.000 -1 1549616151.738740
28.630000 0.002 -0.002 0.95580 0.000 -1 1549616151.749653
28.640000 0.002 -0.002 0.93770 0.000 -1 1549616151.771448
28.650000 0.002 -0.002 0.92030 0.000 -1 1549616151.782786
28.660000 0.002 -0.002 0.90180 0.000 -1 1549616151.817357
28.670000 0.002 -0.002 0.88330 0.000 -1 1549616151.851876
28.680000 0.002 -0.002 0.86520 0.000 -1 1549616151.867762
28.690000 0.002 -0.002 0.84620 0.000 -1 1549616151.867824
28.700000 0.002 -0.002 0.82730 0.000 -1 1549616151.890770
28.710000 0.002 -0.002 0.80760 0.000 -1 1549616151.934767
28.720000 0.002 -0.002 0.78870 0.000 -1 1549616151.945676
28.730000 0.002 -0.002 0.76900 0.000 -1 1549616151.945735
28.740000 0.002 -0.002 0.74850 0.000 -1 1549616151.980067
28.750000 0.002 -0.002 0.72880 0.000 -1 1549616151.990979
28.760000 0.002 -0.002 0.70790 0.000 -1 1549616152.015223
28.770000 0.002 -0.002 0.68710 0.000 -1 1549616152.026280
28.780000 0.002 -0.002 0.66660 0.000 -1 1549616152.061211
28.790000 0.002 -0.002 0.64570 0.000 -1 1549616152.094522
28.800000 0.002 -0.002 0.62400 0.000 -1 1549616152.105728
28.810000 0.002 -0.002 0.60270 0.000 -1 1549616152.138271
28.820000 0.002 -0.002 0.58110 0.000 -1 1549616152.174042
28.830000 0.002 -0.002 0.55860 0.000 -1 1549616152.185159
28.840000 0.002 -0.002 0.53650 0.000 -1 1549616152.185228
28.850000 0.002 -0.002 0.51410 0.000 -1 1549616152.216966
28.860000 0.002 -0.002 0.49080 0.000 -1 1549616152.249399
28.870000 0.002 -0.002 0.46800 0.000 -1 1549616152.261528
28.880000 0.002 -0.002 0.44590 0.000 -1 1549616152.294773
28.890000 0.002 -0.002 0.42380 0.000 -1 1549616152.328211
28.900000 0.002 -0.002 0.40260 0.000 -1 1549616152.339440
28.910000 0.002 -0.002 0.38210 0.000 -1 1549616152.339538
28.920000 0.002 -0.002 0.36160 0.000 -1 1549616152.373693
28.930000 0.002 -0.002 0.34190 0.000 -1 1549616152.387474
28.940000 0.002 -0.002 0.32260 0.000 -1 1549616152.420543
28.950000 0.002 -0.002 0.30400 0.000 -1 1549616152.455436
28.960000 0.002 -0.002 0.28590 0.000 -1 1549616152.466948
28.970000 0.002 -0.002 0.26780 0.000 -1 1549616152.498817
28.980000 0.002 -0.002 0.25120 0.000 -1 1549616152.535763
28.990000 0.002 -0.002 0.23390 0.000 -1 1549616152.569999
29.000000 0.002 -0.002 0.21810 0.000 -1 1549616152.581070
29.010000 0.002 -0.002 0.20240 0.000 -1 1549616152.614371
29.020000 0.002 -0.002 0.18740 0.000 -1 1549616152.658800
29.030000 0.002 -0.002 0.17240 0.000 -1 1549616152.669728
29.040000 0.002 -0.002 0.15900 0.000 -1 1549616152.691788
29.050000 0.002 -0.002 0.14490 0.000 -1 1549616152.703442
29.060000 0.002 -0.002 0.13190 0.000 -1 1549616152.737490
29.070000 0.002 -0.002 0.11960 0.000 -1 1549616152.747989
29.080000 0.002 -0.002 0.10700 0.000 -1 1549616152.769925
29.090000 0.002 -0.002 0.09600 0.000 -1 1549616152.781170
29.100000 0.002 -0.002 0.08500 0.000 -1 1549616152.813400
29.110000 0.002 -0.002 0.07390 0.000 -1 1549616152.858022
29.120000 0.002 -0.002 0.06410 0.000 -1 1549616152.891148
29.130000 0.002 -0.002 0.05500 0.000 -1 1549616152.902804
29.140000 0.002 -0.002 0.04560 0.000 -1 1549616152.902864
29.150000 0.002 -0.002 0.03690 0.000 -1 1549616152.935338
29.160000 0.002 -0.002 0.02980 0.000 -1 1549616152.946140
29.170000 0.002 -0.002 0.02270 0.000 -1 1549616152.980170
29.180000 0.002 -0.002 0.01640 0.000 -1 1549616153.015201
29.190000 0.002 -0.002 0.01010 0.000 -1 1549616153.025723
29.200000 0.002 -0.002 0.00460 0.000 -1 1549616153.059112
29.220000 0.002 -0.002 -0.00250 0.000 -1 1549616153.107609
